{"/Users/julien/Desktop/projet fil rouge/QuizArena/backend/src/app.controller.ts": {"path":"/Users/julien/Desktop/projet fil rouge/QuizArena/backend/src/app.controller.ts","statementMap":{"0":{"start":{"line":1,"column":0},"end":{"line":1,"column":49}},"1":{"start":{"line":2,"column":0},"end":{"line":2,"column":45}},"2":{"start":{"line":5,"column":7},"end":{"line":12,"column":null}},"3":{"start":{"line":6,"column":31},"end":{"line":6,"column":43}},"4":{"start":{"line":10,"column":4},"end":{"line":10,"column":38}},"5":{"start":{"line":5,"column":13},"end":{"line":5,"column":26}},"6":{"start":{"line":9,"column":2},"end":{"line":11,"column":null}},"7":{"start":{"line":5,"column":13},"end":{"line":12,"column":null}}},"fnMap":{"0":{"name":"(anonymous_2)","decl":{"start":{"line":6,"column":2},"end":{"line":6,"column":31}},"loc":{"start":{"line":6,"column":53},"end":{"line":6,"column":57}}},"1":{"name":"(anonymous_3)","decl":{"start":{"line":9,"column":2},"end":{"line":9,"column":10}},"loc":{"start":{"line":9,"column":10},"end":{"line":11,"column":3}}}},"branchMap":{"0":{"loc":{"start":{"line":6,"column":43},"end":{"line":6,"column":56}},"type":"cond-expr","locations":[{"start":{"line":6,"column":53},"end":{"line":6,"column":56}},{"start":{"line":6,"column":53},"end":{"line":6,"column":56}}]},"1":{"loc":{"start":{"line":6,"column":43},"end":{"line":6,"column":53}},"type":"binary-expr","locations":[{"start":{"line":6,"column":43},"end":{"line":6,"column":56}},{"start":{"line":6,"column":43},"end":{"line":6,"column":53}}]}},"s":{"0":0,"1":0,"2":0,"3":0,"4":0,"5":0,"6":0,"7":0},"f":{"0":0,"1":0},"b":{"0":[0,0],"1":[0,0]}}
,"/Users/julien/Desktop/projet fil rouge/QuizArena/backend/src/app.module.ts": {"path":"/Users/julien/Desktop/projet fil rouge/QuizArena/backend/src/app.module.ts","statementMap":{"0":{"start":{"line":1,"column":0},"end":{"line":1,"column":54}},"1":{"start":{"line":2,"column":0},"end":{"line":2,"column":49}},"2":{"start":{"line":3,"column":0},"end":{"line":3,"column":43}},"3":{"start":{"line":4,"column":0},"end":{"line":4,"column":54}},"4":{"start":{"line":6,"column":0},"end":{"line":6,"column":48}},"5":{"start":{"line":7,"column":0},"end":{"line":7,"column":48}},"6":{"start":{"line":8,"column":0},"end":{"line":8,"column":60}},"7":{"start":{"line":9,"column":0},"end":{"line":9,"column":51}},"8":{"start":{"line":10,"column":0},"end":{"line":10,"column":71}},"9":{"start":{"line":11,"column":0},"end":{"line":11,"column":66}},"10":{"start":{"line":12,"column":0},"end":{"line":12,"column":60}},"11":{"start":{"line":13,"column":0},"end":{"line":13,"column":51}},"12":{"start":{"line":14,"column":0},"end":{"line":14,"column":57}},"13":{"start":{"line":15,"column":0},"end":{"line":15,"column":65}},"14":{"start":{"line":33,"column":7},"end":{"line":69,"column":null}},"15":{"start":{"line":34,"column":31},"end":{"line":34,"column":39}},"16":{"start":{"line":37,"column":23},"end":{"line":37,"column":40}},"17":{"start":{"line":38,"column":21},"end":{"line":40,"column":6}},"18":{"start":{"line":41,"column":4},"end":{"line":67,"column":5}},"19":{"start":{"line":42,"column":21},"end":{"line":42,"column":45}},"20":{"start":{"line":43,"column":27},"end":{"line":43,"column":58}},"21":{"start":{"line":46,"column":21},"end":{"line":46,"column":28}},"22":{"start":{"line":47,"column":19},"end":{"line":47,"column":20}},"23":{"start":{"line":48,"column":6},"end":{"line":55,"column":7}},"24":{"start":{"line":49,"column":33},"end":{"line":51,"column":10}},"25":{"start":{"line":52,"column":8},"end":{"line":52,"column":37}},"26":{"start":{"line":52,"column":31},"end":{"line":52,"column":37}},"27":{"start":{"line":53,"column":8},"end":{"line":53,"column":36}},"28":{"start":{"line":54,"column":8},"end":{"line":54,"column":20}},"29":{"start":{"line":57,"column":6},"end":{"line":66,"column":9}},"30":{"start":{"line":33,"column":13},"end":{"line":33,"column":22}},"31":{"start":{"line":33,"column":13},"end":{"line":69,"column":null}}},"fnMap":{"0":{"name":"(anonymous_2)","decl":{"start":{"line":34,"column":2},"end":{"line":34,"column":31}},"loc":{"start":{"line":34,"column":52},"end":{"line":34,"column":56}}},"1":{"name":"(anonymous_3)","decl":{"start":{"line":36,"column":2},"end":{"line":36,"column":7}},"loc":{"start":{"line":36,"column":20},"end":{"line":68,"column":3}}}},"branchMap":{"0":{"loc":{"start":{"line":41,"column":4},"end":{"line":67,"column":5}},"type":"if","locations":[{"start":{"line":41,"column":4},"end":{"line":67,"column":5}},{"start":{},"end":{}}]},"1":{"loc":{"start":{"line":52,"column":8},"end":{"line":52,"column":37}},"type":"if","locations":[{"start":{"line":52,"column":8},"end":{"line":52,"column":37}},{"start":{},"end":{}}]},"2":{"loc":{"start":{"line":34,"column":39},"end":{"line":34,"column":55}},"type":"cond-expr","locations":[{"start":{"line":34,"column":52},"end":{"line":34,"column":55}},{"start":{"line":34,"column":52},"end":{"line":34,"column":55}}]},"3":{"loc":{"start":{"line":34,"column":39},"end":{"line":34,"column":52}},"type":"binary-expr","locations":[{"start":{"line":34,"column":39},"end":{"line":34,"column":55}},{"start":{"line":34,"column":39},"end":{"line":34,"column":52}}]}},"s":{"0":0,"1":0,"2":0,"3":0,"4":0,"5":0,"6":0,"7":0,"8":0,"9":0,"10":0,"11":0,"12":0,"13":0,"14":0,"15":0,"16":0,"17":0,"18":0,"19":0,"20":0,"21":0,"22":0,"23":0,"24":0,"25":0,"26":0,"27":0,"28":0,"29":0,"30":0,"31":0},"f":{"0":0,"1":0},"b":{"0":[0,0],"1":[0,0],"2":[0,0],"3":[0,0]}}
,"/Users/julien/Desktop/projet fil rouge/QuizArena/backend/src/app.service.ts": {"path":"/Users/julien/Desktop/projet fil rouge/QuizArena/backend/src/app.service.ts","statementMap":{"0":{"start":{"line":1,"column":0},"end":{"line":1,"column":44}},"1":{"start":{"line":4,"column":7},"end":{"line":8,"column":null}},"2":{"start":{"line":6,"column":4},"end":{"line":6,"column":26}},"3":{"start":{"line":4,"column":13},"end":{"line":4,"column":23}},"4":{"start":{"line":4,"column":13},"end":{"line":8,"column":null}}},"fnMap":{"0":{"name":"(anonymous_1)","decl":{"start":{"line":5,"column":2},"end":{"line":5,"column":10}},"loc":{"start":{"line":5,"column":10},"end":{"line":7,"column":3}}}},"branchMap":{},"s":{"0":0,"1":0,"2":0,"3":0,"4":0},"f":{"0":0},"b":{}}
,"/Users/julien/Desktop/projet fil rouge/QuizArena/backend/src/main.ts": {"path":"/Users/julien/Desktop/projet fil rouge/QuizArena/backend/src/main.ts","statementMap":{"0":{"start":{"line":1,"column":0},"end":{"line":1,"column":43}},"1":{"start":{"line":2,"column":0},"end":{"line":2,"column":41}},"2":{"start":{"line":3,"column":0},"end":{"line":3,"column":48}},"3":{"start":{"line":4,"column":0},"end":{"line":4,"column":28}},"4":{"start":{"line":7,"column":14},"end":{"line":7,"column":49}},"5":{"start":{"line":10,"column":2},"end":{"line":33,"column":6}},"6":{"start":{"line":36,"column":2},"end":{"line":41,"column":5}},"7":{"start":{"line":43,"column":2},"end":{"line":50,"column":4}},"8":{"start":{"line":51,"column":2},"end":{"line":51,"column":45}},"9":{"start":{"line":53,"column":0},"end":{"line":53,"column":17}}},"fnMap":{"0":{"name":"bootstrap","decl":{"start":{"line":6,"column":15},"end":{"line":6,"column":24}},"loc":{"start":{"line":6,"column":24},"end":{"line":52,"column":1}}}},"branchMap":{"0":{"loc":{"start":{"line":51,"column":19},"end":{"line":51,"column":43}},"type":"binary-expr","locations":[{"start":{"line":51,"column":19},"end":{"line":51,"column":35}},{"start":{"line":51,"column":39},"end":{"line":51,"column":43}}]}},"s":{"0":0,"1":0,"2":0,"3":0,"4":0,"5":0,"6":0,"7":0,"8":0,"9":0},"f":{"0":0},"b":{"0":[0,0]}}
,"/Users/julien/Desktop/projet fil rouge/QuizArena/backend/src/admin/admin.module.ts": {"path":"/Users/julien/Desktop/projet fil rouge/QuizArena/backend/src/admin/admin.module.ts","statementMap":{"0":{"start":{"line":1,"column":0},"end":{"line":1,"column":40}},"1":{"start":{"line":2,"column":0},"end":{"line":2,"column":55}},"2":{"start":{"line":3,"column":0},"end":{"line":3,"column":65}},"3":{"start":{"line":4,"column":0},"end":{"line":4,"column":56}},"4":{"start":{"line":11,"column":7},"end":{"line":11,"column":null}},"5":{"start":{"line":11,"column":13},"end":{"line":11,"column":24}},"6":{"start":{"line":11,"column":13},"end":{"line":11,"column":null}}},"fnMap":{},"branchMap":{},"s":{"0":0,"1":0,"2":0,"3":0,"4":0,"5":0,"6":0},"f":{},"b":{}}
,"/Users/julien/Desktop/projet fil rouge/QuizArena/backend/src/admin/controllers/admin.controller.ts": {"path":"/Users/julien/Desktop/projet fil rouge/QuizArena/backend/src/admin/controllers/admin.controller.ts","statementMap":{"0":{"start":{"line":1,"column":0},"end":{"line":1,"column":null}},"1":{"start":{"line":11,"column":0},"end":{"line":11,"column":57}},"2":{"start":{"line":12,"column":0},"end":{"line":12,"column":61}},"3":{"start":{"line":13,"column":0},"end":{"line":13,"column":54}},"4":{"start":{"line":14,"column":0},"end":{"line":14,"column":59}},"5":{"start":{"line":15,"column":0},"end":{"line":15,"column":56}},"6":{"start":{"line":21,"column":7},"end":{"line":121,"column":null}},"7":{"start":{"line":22,"column":31},"end":{"line":22,"column":45}},"8":{"start":{"line":26,"column":4},"end":{"line":26,"column":43}},"9":{"start":{"line":31,"column":4},"end":{"line":31,"column":48}},"10":{"start":{"line":36,"column":4},"end":{"line":36,"column":44}},"11":{"start":{"line":41,"column":4},"end":{"line":41,"column":44}},"12":{"start":{"line":47,"column":4},"end":{"line":47,"column":40}},"13":{"start":{"line":62,"column":4},"end":{"line":62,"column":55}},"14":{"start":{"line":78,"column":4},"end":{"line":78,"column":59}},"15":{"start":{"line":83,"column":4},"end":{"line":83,"column":44}},"16":{"start":{"line":88,"column":4},"end":{"line":88,"column":45}},"17":{"start":{"line":93,"column":4},"end":{"line":93,"column":41}},"18":{"start":{"line":98,"column":4},"end":{"line":98,"column":46}},"19":{"start":{"line":104,"column":4},"end":{"line":104,"column":42}},"20":{"start":{"line":109,"column":4},"end":{"line":109,"column":44}},"21":{"start":{"line":114,"column":4},"end":{"line":114,"column":45}},"22":{"start":{"line":119,"column":4},"end":{"line":119,"column":46}},"23":{"start":{"line":21,"column":13},"end":{"line":21,"column":28}},"24":{"start":{"line":25,"column":8},"end":{"line":27,"column":null}},"25":{"start":{"line":30,"column":8},"end":{"line":32,"column":null}},"26":{"start":{"line":35,"column":8},"end":{"line":37,"column":null}},"27":{"start":{"line":40,"column":8},"end":{"line":42,"column":null}},"28":{"start":{"line":46,"column":8},"end":{"line":48,"column":null}},"29":{"start":{"line":51,"column":8},"end":{"line":63,"column":null}},"30":{"start":{"line":66,"column":8},"end":{"line":79,"column":null}},"31":{"start":{"line":82,"column":8},"end":{"line":84,"column":null}},"32":{"start":{"line":87,"column":8},"end":{"line":89,"column":null}},"33":{"start":{"line":92,"column":8},"end":{"line":94,"column":null}},"34":{"start":{"line":97,"column":8},"end":{"line":99,"column":null}},"35":{"start":{"line":103,"column":8},"end":{"line":105,"column":null}},"36":{"start":{"line":108,"column":8},"end":{"line":110,"column":null}},"37":{"start":{"line":113,"column":8},"end":{"line":115,"column":null}},"38":{"start":{"line":118,"column":8},"end":{"line":120,"column":null}},"39":{"start":{"line":21,"column":13},"end":{"line":121,"column":null}}},"fnMap":{"0":{"name":"(anonymous_4)","decl":{"start":{"line":22,"column":2},"end":{"line":22,"column":31}},"loc":{"start":{"line":22,"column":57},"end":{"line":22,"column":61}}},"1":{"name":"(anonymous_5)","decl":{"start":{"line":25,"column":8},"end":{"line":25,"column":16}},"loc":{"start":{"line":25,"column":16},"end":{"line":27,"column":3}}},"2":{"name":"(anonymous_6)","decl":{"start":{"line":30,"column":8},"end":{"line":30,"column":24}},"loc":{"start":{"line":30,"column":24},"end":{"line":32,"column":3}}},"3":{"name":"(anonymous_7)","decl":{"start":{"line":35,"column":8},"end":{"line":35,"column":24}},"loc":{"start":{"line":35,"column":48},"end":{"line":37,"column":3}}},"4":{"name":"(anonymous_8)","decl":{"start":{"line":40,"column":8},"end":{"line":40,"column":24}},"loc":{"start":{"line":40,"column":48},"end":{"line":42,"column":3}}},"5":{"name":"(anonymous_9)","decl":{"start":{"line":46,"column":8},"end":{"line":46,"column":16}},"loc":{"start":{"line":46,"column":16},"end":{"line":48,"column":3}}},"6":{"name":"(anonymous_10)","decl":{"start":{"line":51,"column":8},"end":{"line":51,"column":18}},"loc":{"start":{"line":60,"column":5},"end":{"line":63,"column":3}}},"7":{"name":"(anonymous_11)","decl":{"start":{"line":66,"column":8},"end":{"line":66,"column":18}},"loc":{"start":{"line":76,"column":5},"end":{"line":79,"column":3}}},"8":{"name":"(anonymous_12)","decl":{"start":{"line":82,"column":8},"end":{"line":82,"column":18}},"loc":{"start":{"line":82,"column":42},"end":{"line":84,"column":3}}},"9":{"name":"(anonymous_13)","decl":{"start":{"line":87,"column":8},"end":{"line":87,"column":19}},"loc":{"start":{"line":87,"column":43},"end":{"line":89,"column":3}}},"10":{"name":"(anonymous_14)","decl":{"start":{"line":92,"column":8},"end":{"line":92,"column":15}},"loc":{"start":{"line":92,"column":39},"end":{"line":94,"column":3}}},"11":{"name":"(anonymous_15)","decl":{"start":{"line":97,"column":8},"end":{"line":97,"column":20}},"loc":{"start":{"line":97,"column":44},"end":{"line":99,"column":3}}},"12":{"name":"(anonymous_16)","decl":{"start":{"line":103,"column":8},"end":{"line":103,"column":18}},"loc":{"start":{"line":103,"column":18},"end":{"line":105,"column":3}}},"13":{"name":"(anonymous_17)","decl":{"start":{"line":108,"column":8},"end":{"line":108,"column":18}},"loc":{"start":{"line":108,"column":42},"end":{"line":110,"column":3}}},"14":{"name":"(anonymous_18)","decl":{"start":{"line":113,"column":8},"end":{"line":113,"column":19}},"loc":{"start":{"line":113,"column":43},"end":{"line":115,"column":3}}},"15":{"name":"(anonymous_19)","decl":{"start":{"line":118,"column":8},"end":{"line":118,"column":20}},"loc":{"start":{"line":118,"column":44},"end":{"line":120,"column":3}}}},"branchMap":{"0":{"loc":{"start":{"line":22,"column":45},"end":{"line":22,"column":60}},"type":"cond-expr","locations":[{"start":{"line":22,"column":57},"end":{"line":22,"column":60}},{"start":{"line":22,"column":57},"end":{"line":22,"column":60}}]},"1":{"loc":{"start":{"line":22,"column":45},"end":{"line":22,"column":57}},"type":"binary-expr","locations":[{"start":{"line":22,"column":45},"end":{"line":22,"column":60}},{"start":{"line":22,"column":45},"end":{"line":22,"column":57}}]}},"s":{"0":0,"1":0,"2":0,"3":0,"4":0,"5":0,"6":0,"7":0,"8":0,"9":0,"10":0,"11":0,"12":0,"13":0,"14":0,"15":0,"16":0,"17":0,"18":0,"19":0,"20":0,"21":0,"22":0,"23":0,"24":0,"25":0,"26":0,"27":0,"28":0,"29":0,"30":0,"31":0,"32":0,"33":0,"34":0,"35":0,"36":0,"37":0,"38":0,"39":0},"f":{"0":0,"1":0,"2":0,"3":0,"4":0,"5":0,"6":0,"7":0,"8":0,"9":0,"10":0,"11":0,"12":0,"13":0,"14":0,"15":0},"b":{"0":[0,0],"1":[0,0]}}
,"/Users/julien/Desktop/projet fil rouge/QuizArena/backend/src/admin/services/admin.service.ts": {"path":"/Users/julien/Desktop/projet fil rouge/QuizArena/backend/src/admin/services/admin.service.ts","statementMap":{"0":{"start":{"line":1,"column":0},"end":{"line":1,"column":null}},"1":{"start":{"line":6,"column":0},"end":{"line":6,"column":69}},"2":{"start":{"line":8,"column":0},"end":{"line":8,"column":35}},"3":{"start":{"line":11,"column":7},"end":{"line":406,"column":null}},"4":{"start":{"line":12,"column":31},"end":{"line":12,"column":39}},"5":{"start":{"line":21,"column":6},"end":{"line":26,"column":8}},"6":{"start":{"line":27,"column":4},"end":{"line":27,"column":40}},"7":{"start":{"line":51,"column":41},"end":{"line":81,"column":6}},"8":{"start":{"line":83,"column":4},"end":{"line":83,"column":42}},"9":{"start":{"line":87,"column":17},"end":{"line":89,"column":6}},"10":{"start":{"line":91,"column":4},"end":{"line":93,"column":5}},"11":{"start":{"line":92,"column":6},"end":{"line":92,"column":60}},"12":{"start":{"line":95,"column":4},"end":{"line":97,"column":7}},"13":{"start":{"line":99,"column":4},"end":{"line":99,"column":59}},"14":{"start":{"line":116,"column":4},"end":{"line":129,"column":7}},"15":{"start":{"line":141,"column":26},"end":{"line":143,"column":6}},"16":{"start":{"line":145,"column":4},"end":{"line":147,"column":5}},"17":{"start":{"line":146,"column":6},"end":{"line":146,"column":64}},"18":{"start":{"line":150,"column":29},"end":{"line":152,"column":6}},"19":{"start":{"line":154,"column":4},"end":{"line":156,"column":5}},"20":{"start":{"line":155,"column":6},"end":{"line":155,"column":75}},"21":{"start":{"line":159,"column":27},"end":{"line":159,"column":72}},"22":{"start":{"line":162,"column":17},"end":{"line":182,"column":6}},"23":{"start":{"line":184,"column":4},"end":{"line":184,"column":61}},"24":{"start":{"line":198,"column":17},"end":{"line":200,"column":6}},"25":{"start":{"line":202,"column":4},"end":{"line":204,"column":5}},"26":{"start":{"line":203,"column":6},"end":{"line":203,"column":60}},"27":{"start":{"line":207,"column":4},"end":{"line":215,"column":5}},"28":{"start":{"line":208,"column":28},"end":{"line":210,"column":8}},"29":{"start":{"line":212,"column":6},"end":{"line":214,"column":7}},"30":{"start":{"line":213,"column":8},"end":{"line":213,"column":66}},"31":{"start":{"line":218,"column":4},"end":{"line":226,"column":5}},"32":{"start":{"line":219,"column":31},"end":{"line":221,"column":8}},"33":{"start":{"line":223,"column":6},"end":{"line":225,"column":7}},"34":{"start":{"line":224,"column":8},"end":{"line":224,"column":77}},"35":{"start":{"line":228,"column":24},"end":{"line":241,"column":6}},"36":{"start":{"line":243,"column":4},"end":{"line":243,"column":80}},"37":{"start":{"line":247,"column":17},"end":{"line":249,"column":6}},"38":{"start":{"line":251,"column":4},"end":{"line":253,"column":5}},"39":{"start":{"line":252,"column":6},"end":{"line":252,"column":60}},"40":{"start":{"line":255,"column":4},"end":{"line":258,"column":7}},"41":{"start":{"line":260,"column":4},"end":{"line":260,"column":59}},"42":{"start":{"line":264,"column":17},"end":{"line":266,"column":6}},"43":{"start":{"line":268,"column":4},"end":{"line":270,"column":5}},"44":{"start":{"line":269,"column":6},"end":{"line":269,"column":60}},"45":{"start":{"line":272,"column":4},"end":{"line":275,"column":7}},"46":{"start":{"line":277,"column":4},"end":{"line":277,"column":56}},"47":{"start":{"line":281,"column":17},"end":{"line":283,"column":6}},"48":{"start":{"line":285,"column":4},"end":{"line":287,"column":5}},"49":{"start":{"line":286,"column":6},"end":{"line":286,"column":60}},"50":{"start":{"line":289,"column":4},"end":{"line":292,"column":7}},"51":{"start":{"line":294,"column":4},"end":{"line":294,"column":57}},"52":{"start":{"line":323,"column":4},"end":{"line":354,"column":7}},"53":{"start":{"line":358,"column":17},"end":{"line":360,"column":6}},"54":{"start":{"line":362,"column":4},"end":{"line":364,"column":5}},"55":{"start":{"line":363,"column":6},"end":{"line":363,"column":53}},"56":{"start":{"line":366,"column":4},"end":{"line":368,"column":7}},"57":{"start":{"line":370,"column":4},"end":{"line":370,"column":52}},"58":{"start":{"line":374,"column":17},"end":{"line":376,"column":6}},"59":{"start":{"line":378,"column":4},"end":{"line":380,"column":5}},"60":{"start":{"line":379,"column":6},"end":{"line":379,"column":53}},"61":{"start":{"line":382,"column":4},"end":{"line":385,"column":7}},"62":{"start":{"line":387,"column":4},"end":{"line":387,"column":52}},"63":{"start":{"line":391,"column":17},"end":{"line":393,"column":6}},"64":{"start":{"line":395,"column":4},"end":{"line":397,"column":5}},"65":{"start":{"line":396,"column":6},"end":{"line":396,"column":53}},"66":{"start":{"line":399,"column":4},"end":{"line":402,"column":7}},"67":{"start":{"line":404,"column":4},"end":{"line":404,"column":50}},"68":{"start":{"line":11,"column":13},"end":{"line":11,"column":25}},"69":{"start":{"line":11,"column":13},"end":{"line":406,"column":null}}},"fnMap":{"0":{"name":"(anonymous_11)","decl":{"start":{"line":12,"column":2},"end":{"line":12,"column":31}},"loc":{"start":{"line":12,"column":52},"end":{"line":12,"column":56}}},"1":{"name":"(anonymous_12)","decl":{"start":{"line":14,"column":2},"end":{"line":14,"column":7}},"loc":{"start":{"line":14,"column":19},"end":{"line":28,"column":3}}},"2":{"name":"(anonymous_13)","decl":{"start":{"line":30,"column":2},"end":{"line":30,"column":7}},"loc":{"start":{"line":30,"column":24},"end":{"line":84,"column":3}}},"3":{"name":"(anonymous_14)","decl":{"start":{"line":86,"column":2},"end":{"line":86,"column":7}},"loc":{"start":{"line":86,"column":29},"end":{"line":100,"column":3}}},"4":{"name":"(anonymous_15)","decl":{"start":{"line":103,"column":2},"end":{"line":103,"column":7}},"loc":{"start":{"line":103,"column":16},"end":{"line":130,"column":3}}},"5":{"name":"(anonymous_16)","decl":{"start":{"line":132,"column":2},"end":{"line":132,"column":7}},"loc":{"start":{"line":139,"column":3},"end":{"line":185,"column":3}}},"6":{"name":"(anonymous_17)","decl":{"start":{"line":187,"column":2},"end":{"line":187,"column":7}},"loc":{"start":{"line":196,"column":5},"end":{"line":244,"column":3}}},"7":{"name":"(anonymous_18)","decl":{"start":{"line":246,"column":2},"end":{"line":246,"column":7}},"loc":{"start":{"line":246,"column":30},"end":{"line":261,"column":3}}},"8":{"name":"(anonymous_19)","decl":{"start":{"line":263,"column":2},"end":{"line":263,"column":7}},"loc":{"start":{"line":263,"column":26},"end":{"line":278,"column":3}}},"9":{"name":"(anonymous_20)","decl":{"start":{"line":280,"column":2},"end":{"line":280,"column":7}},"loc":{"start":{"line":280,"column":31},"end":{"line":295,"column":3}}},"10":{"name":"(anonymous_21)","decl":{"start":{"line":298,"column":2},"end":{"line":298,"column":7}},"loc":{"start":{"line":298,"column":18},"end":{"line":355,"column":3}}},"11":{"name":"(anonymous_22)","decl":{"start":{"line":357,"column":2},"end":{"line":357,"column":7}},"loc":{"start":{"line":357,"column":29},"end":{"line":371,"column":3}}},"12":{"name":"(anonymous_23)","decl":{"start":{"line":373,"column":2},"end":{"line":373,"column":7}},"loc":{"start":{"line":373,"column":30},"end":{"line":388,"column":3}}},"13":{"name":"(anonymous_24)","decl":{"start":{"line":390,"column":2},"end":{"line":390,"column":7}},"loc":{"start":{"line":390,"column":31},"end":{"line":405,"column":3}}}},"branchMap":{"0":{"loc":{"start":{"line":91,"column":4},"end":{"line":93,"column":5}},"type":"if","locations":[{"start":{"line":91,"column":4},"end":{"line":93,"column":5}},{"start":{},"end":{}}]},"1":{"loc":{"start":{"line":145,"column":4},"end":{"line":147,"column":5}},"type":"if","locations":[{"start":{"line":145,"column":4},"end":{"line":147,"column":5}},{"start":{},"end":{}}]},"2":{"loc":{"start":{"line":154,"column":4},"end":{"line":156,"column":5}},"type":"if","locations":[{"start":{"line":154,"column":4},"end":{"line":156,"column":5}},{"start":{},"end":{}}]},"3":{"loc":{"start":{"line":202,"column":4},"end":{"line":204,"column":5}},"type":"if","locations":[{"start":{"line":202,"column":4},"end":{"line":204,"column":5}},{"start":{},"end":{}}]},"4":{"loc":{"start":{"line":207,"column":4},"end":{"line":215,"column":5}},"type":"if","locations":[{"start":{"line":207,"column":4},"end":{"line":215,"column":5}},{"start":{},"end":{}}]},"5":{"loc":{"start":{"line":207,"column":8},"end":{"line":207,"column":65}},"type":"binary-expr","locations":[{"start":{"line":207,"column":8},"end":{"line":207,"column":27}},{"start":{"line":207,"column":31},"end":{"line":207,"column":65}}]},"6":{"loc":{"start":{"line":212,"column":6},"end":{"line":214,"column":7}},"type":"if","locations":[{"start":{"line":212,"column":6},"end":{"line":214,"column":7}},{"start":{},"end":{}}]},"7":{"loc":{"start":{"line":218,"column":4},"end":{"line":226,"column":5}},"type":"if","locations":[{"start":{"line":218,"column":4},"end":{"line":226,"column":5}},{"start":{},"end":{}}]},"8":{"loc":{"start":{"line":218,"column":8},"end":{"line":218,"column":74}},"type":"binary-expr","locations":[{"start":{"line":218,"column":8},"end":{"line":218,"column":30}},{"start":{"line":218,"column":34},"end":{"line":218,"column":74}}]},"9":{"loc":{"start":{"line":223,"column":6},"end":{"line":225,"column":7}},"type":"if","locations":[{"start":{"line":223,"column":6},"end":{"line":225,"column":7}},{"start":{},"end":{}}]},"10":{"loc":{"start":{"line":251,"column":4},"end":{"line":253,"column":5}},"type":"if","locations":[{"start":{"line":251,"column":4},"end":{"line":253,"column":5}},{"start":{},"end":{}}]},"11":{"loc":{"start":{"line":268,"column":4},"end":{"line":270,"column":5}},"type":"if","locations":[{"start":{"line":268,"column":4},"end":{"line":270,"column":5}},{"start":{},"end":{}}]},"12":{"loc":{"start":{"line":285,"column":4},"end":{"line":287,"column":5}},"type":"if","locations":[{"start":{"line":285,"column":4},"end":{"line":287,"column":5}},{"start":{},"end":{}}]},"13":{"loc":{"start":{"line":362,"column":4},"end":{"line":364,"column":5}},"type":"if","locations":[{"start":{"line":362,"column":4},"end":{"line":364,"column":5}},{"start":{},"end":{}}]},"14":{"loc":{"start":{"line":378,"column":4},"end":{"line":380,"column":5}},"type":"if","locations":[{"start":{"line":378,"column":4},"end":{"line":380,"column":5}},{"start":{},"end":{}}]},"15":{"loc":{"start":{"line":395,"column":4},"end":{"line":397,"column":5}},"type":"if","locations":[{"start":{"line":395,"column":4},"end":{"line":397,"column":5}},{"start":{},"end":{}}]},"16":{"loc":{"start":{"line":12,"column":39},"end":{"line":12,"column":55}},"type":"cond-expr","locations":[{"start":{"line":12,"column":52},"end":{"line":12,"column":55}},{"start":{"line":12,"column":52},"end":{"line":12,"column":55}}]},"17":{"loc":{"start":{"line":12,"column":39},"end":{"line":12,"column":52}},"type":"binary-expr","locations":[{"start":{"line":12,"column":39},"end":{"line":12,"column":55}},{"start":{"line":12,"column":39},"end":{"line":12,"column":52}}]}},"s":{"0":0,"1":0,"2":0,"3":0,"4":0,"5":0,"6":0,"7":0,"8":0,"9":0,"10":0,"11":0,"12":0,"13":0,"14":0,"15":0,"16":0,"17":0,"18":0,"19":0,"20":0,"21":0,"22":0,"23":0,"24":0,"25":0,"26":0,"27":0,"28":0,"29":0,"30":0,"31":0,"32":0,"33":0,"34":0,"35":0,"36":0,"37":0,"38":0,"39":0,"40":0,"41":0,"42":0,"43":0,"44":0,"45":0,"46":0,"47":0,"48":0,"49":0,"50":0,"51":0,"52":0,"53":0,"54":0,"55":0,"56":0,"57":0,"58":0,"59":0,"60":0,"61":0,"62":0,"63":0,"64":0,"65":0,"66":0,"67":0,"68":0,"69":0},"f":{"0":0,"1":0,"2":0,"3":0,"4":0,"5":0,"6":0,"7":0,"8":0,"9":0,"10":0,"11":0,"12":0,"13":0},"b":{"0":[0,0],"1":[0,0],"2":[0,0],"3":[0,0],"4":[0,0],"5":[0,0],"6":[0,0],"7":[0,0],"8":[0,0],"9":[0,0],"10":[0,0],"11":[0,0],"12":[0,0],"13":[0,0],"14":[0,0],"15":[0,0],"16":[0,0],"17":[0,0]}}
,"/Users/julien/Desktop/projet fil rouge/QuizArena/backend/src/auth/auth.module.ts": {"path":"/Users/julien/Desktop/projet fil rouge/QuizArena/backend/src/auth/auth.module.ts","statementMap":{"0":{"start":{"line":1,"column":0},"end":{"line":1,"column":40}},"1":{"start":{"line":2,"column":0},"end":{"line":2,"column":54}},"2":{"start":{"line":3,"column":0},"end":{"line":3,"column":63}},"3":{"start":{"line":4,"column":0},"end":{"line":4,"column":55}},"4":{"start":{"line":5,"column":0},"end":{"line":5,"column":54}},"5":{"start":{"line":13,"column":7},"end":{"line":13,"column":null}},"6":{"start":{"line":13,"column":13},"end":{"line":13,"column":23}},"7":{"start":{"line":13,"column":13},"end":{"line":13,"column":null}}},"fnMap":{},"branchMap":{},"s":{"0":0,"1":0,"2":0,"3":0,"4":0,"5":0,"6":0,"7":0},"f":{},"b":{}}
,"/Users/julien/Desktop/projet fil rouge/QuizArena/backend/src/auth/controllers/auth.controller.ts": {"path":"/Users/julien/Desktop/projet fil rouge/QuizArena/backend/src/auth/controllers/auth.controller.ts","statementMap":{"0":{"start":{"line":1,"column":0},"end":{"line":1,"column":null}},"1":{"start":{"line":10,"column":0},"end":{"line":10,"column":55}},"2":{"start":{"line":11,"column":0},"end":{"line":11,"column":50}},"3":{"start":{"line":12,"column":0},"end":{"line":12,"column":44}},"4":{"start":{"line":14,"column":0},"end":{"line":14,"column":61}},"5":{"start":{"line":15,"column":0},"end":{"line":15,"column":55}},"6":{"start":{"line":18,"column":7},"end":{"line":44,"column":null}},"7":{"start":{"line":19,"column":31},"end":{"line":19,"column":44}},"8":{"start":{"line":23,"column":4},"end":{"line":23,"column":42}},"9":{"start":{"line":28,"column":4},"end":{"line":28,"column":39}},"10":{"start":{"line":35,"column":4},"end":{"line":35,"column":56}},"11":{"start":{"line":42,"column":4},"end":{"line":42,"column":72}},"12":{"start":{"line":18,"column":13},"end":{"line":18,"column":27}},"13":{"start":{"line":22,"column":2},"end":{"line":24,"column":null}},"14":{"start":{"line":27,"column":2},"end":{"line":29,"column":null}},"15":{"start":{"line":33,"column":2},"end":{"line":36,"column":null}},"16":{"start":{"line":40,"column":2},"end":{"line":43,"column":null}},"17":{"start":{"line":18,"column":13},"end":{"line":44,"column":null}}},"fnMap":{"0":{"name":"(anonymous_4)","decl":{"start":{"line":19,"column":2},"end":{"line":19,"column":31}},"loc":{"start":{"line":19,"column":55},"end":{"line":19,"column":59}}},"1":{"name":"(anonymous_5)","decl":{"start":{"line":22,"column":2},"end":{"line":22,"column":10}},"loc":{"start":{"line":22,"column":35},"end":{"line":24,"column":3}}},"2":{"name":"(anonymous_6)","decl":{"start":{"line":27,"column":2},"end":{"line":27,"column":7}},"loc":{"start":{"line":27,"column":29},"end":{"line":29,"column":3}}},"3":{"name":"(anonymous_7)","decl":{"start":{"line":33,"column":2},"end":{"line":33,"column":4}},"loc":{"start":{"line":33,"column":24},"end":{"line":36,"column":3}}},"4":{"name":"(anonymous_8)","decl":{"start":{"line":40,"column":2},"end":{"line":40,"column":10}},"loc":{"start":{"line":40,"column":61},"end":{"line":43,"column":3}}}},"branchMap":{"0":{"loc":{"start":{"line":22,"column":24},"end":{"line":22,"column":null}},"type":"cond-expr","locations":[{"start":{"line":22,"column":35},"end":{"line":22,"column":null}},{"start":{"line":22,"column":35},"end":{"line":22,"column":null}}]},"1":{"loc":{"start":{"line":22,"column":24},"end":{"line":22,"column":35}},"type":"binary-expr","locations":[{"start":{"line":22,"column":24},"end":{"line":22,"column":null}},{"start":{"line":22,"column":24},"end":{"line":22,"column":35}}]},"2":{"loc":{"start":{"line":27,"column":21},"end":{"line":27,"column":null}},"type":"cond-expr","locations":[{"start":{"line":27,"column":29},"end":{"line":27,"column":null}},{"start":{"line":27,"column":29},"end":{"line":27,"column":null}}]},"3":{"loc":{"start":{"line":27,"column":21},"end":{"line":27,"column":29}},"type":"binary-expr","locations":[{"start":{"line":27,"column":21},"end":{"line":27,"column":null}},{"start":{"line":27,"column":21},"end":{"line":27,"column":29}}]},"4":{"loc":{"start":{"line":40,"column":45},"end":{"line":40,"column":null}},"type":"cond-expr","locations":[{"start":{"line":40,"column":61},"end":{"line":40,"column":null}},{"start":{"line":40,"column":61},"end":{"line":40,"column":null}}]},"5":{"loc":{"start":{"line":40,"column":45},"end":{"line":40,"column":61}},"type":"binary-expr","locations":[{"start":{"line":40,"column":45},"end":{"line":40,"column":null}},{"start":{"line":40,"column":45},"end":{"line":40,"column":61}}]},"6":{"loc":{"start":{"line":19,"column":44},"end":{"line":19,"column":58}},"type":"cond-expr","locations":[{"start":{"line":19,"column":55},"end":{"line":19,"column":58}},{"start":{"line":19,"column":55},"end":{"line":19,"column":58}}]},"7":{"loc":{"start":{"line":19,"column":44},"end":{"line":19,"column":55}},"type":"binary-expr","locations":[{"start":{"line":19,"column":44},"end":{"line":19,"column":58}},{"start":{"line":19,"column":44},"end":{"line":19,"column":55}}]}},"s":{"0":0,"1":0,"2":0,"3":0,"4":0,"5":0,"6":0,"7":0,"8":0,"9":0,"10":0,"11":0,"12":0,"13":0,"14":0,"15":0,"16":0,"17":0},"f":{"0":0,"1":0,"2":0,"3":0,"4":0},"b":{"0":[0,0],"1":[0,0],"2":[0,0],"3":[0,0],"4":[0,0],"5":[0,0],"6":[0,0],"7":[0,0]}}
,"/Users/julien/Desktop/projet fil rouge/QuizArena/backend/src/auth/decorator/roles.decorator.ts": {"path":"/Users/julien/Desktop/projet fil rouge/QuizArena/backend/src/auth/decorator/roles.decorator.ts","statementMap":{"0":{"start":{"line":1,"column":0},"end":{"line":1,"column":45}},"1":{"start":{"line":4,"column":13},"end":{"line":4,"column":33}},"2":{"start":{"line":5,"column":21},"end":{"line":5,"column":76}},"3":{"start":{"line":5,"column":47},"end":{"line":5,"column":76}},"4":{"start":{"line":5,"column":13},"end":{"line":5,"column":21}}},"fnMap":{"0":{"name":"(anonymous_0)","decl":{"start":{"line":5,"column":21},"end":{"line":5,"column":22}},"loc":{"start":{"line":5,"column":47},"end":{"line":5,"column":76}}}},"branchMap":{},"s":{"0":1,"1":1,"2":1,"3":0,"4":1},"f":{"0":0},"b":{}}
,"/Users/julien/Desktop/projet fil rouge/QuizArena/backend/src/auth/dto/login.dto.ts": {"path":"/Users/julien/Desktop/projet fil rouge/QuizArena/backend/src/auth/dto/login.dto.ts","statementMap":{"0":{"start":{"line":1,"column":0},"end":{"line":1,"column":63}},"1":{"start":{"line":3,"column":0},"end":{"line":3,"column":13}},"2":{"start":{"line":5,"column":2},"end":{"line":5,"column":null}},"3":{"start":{"line":9,"column":2},"end":{"line":9,"column":null}}},"fnMap":{},"branchMap":{},"s":{"0":0,"1":0,"2":0,"3":0},"f":{},"b":{}}
,"/Users/julien/Desktop/projet fil rouge/QuizArena/backend/src/auth/dto/register.dto.ts": {"path":"/Users/julien/Desktop/projet fil rouge/QuizArena/backend/src/auth/dto/register.dto.ts","statementMap":{"0":{"start":{"line":1,"column":0},"end":{"line":1,"column":75}},"1":{"start":{"line":3,"column":0},"end":{"line":3,"column":13}},"2":{"start":{"line":5,"column":2},"end":{"line":5,"column":null}},"3":{"start":{"line":9,"column":2},"end":{"line":9,"column":null}},"4":{"start":{"line":12,"column":2},"end":{"line":12,"column":null}},"5":{"start":{"line":15,"column":2},"end":{"line":15,"column":null}},"6":{"start":{"line":19,"column":2},"end":{"line":19,"column":null}},"7":{"start":{"line":23,"column":2},"end":{"line":23,"column":null}},"8":{"start":{"line":27,"column":2},"end":{"line":27,"column":null}},"9":{"start":{"line":31,"column":2},"end":{"line":31,"column":null}},"10":{"start":{"line":35,"column":2},"end":{"line":35,"column":null}},"11":{"start":{"line":39,"column":2},"end":{"line":39,"column":null}}},"fnMap":{},"branchMap":{},"s":{"0":0,"1":0,"2":0,"3":0,"4":0,"5":0,"6":0,"7":0,"8":0,"9":0,"10":0,"11":0},"f":{},"b":{}}
,"/Users/julien/Desktop/projet fil rouge/QuizArena/backend/src/auth/dto/update-profile.dto.ts": {"path":"/Users/julien/Desktop/projet fil rouge/QuizArena/backend/src/auth/dto/update-profile.dto.ts","statementMap":{"0":{"start":{"line":1,"column":0},"end":{"line":1,"column":75}},"1":{"start":{"line":3,"column":0},"end":{"line":3,"column":13}},"2":{"start":{"line":6,"column":2},"end":{"line":6,"column":null}},"3":{"start":{"line":10,"column":2},"end":{"line":10,"column":null}},"4":{"start":{"line":14,"column":2},"end":{"line":14,"column":null}},"5":{"start":{"line":18,"column":2},"end":{"line":18,"column":null}},"6":{"start":{"line":23,"column":2},"end":{"line":23,"column":null}}},"fnMap":{},"branchMap":{},"s":{"0":0,"1":0,"2":0,"3":0,"4":0,"5":0,"6":0},"f":{},"b":{}}
,"/Users/julien/Desktop/projet fil rouge/QuizArena/backend/src/auth/guard/jwt-auth.guard.ts": {"path":"/Users/julien/Desktop/projet fil rouge/QuizArena/backend/src/auth/guard/jwt-auth.guard.ts","statementMap":{"0":{"start":{"line":2,"column":0},"end":{"line":2,"column":null}},"1":{"start":{"line":8,"column":0},"end":{"line":8,"column":36}},"2":{"start":{"line":11,"column":7},"end":{"line":32,"column":null}},"3":{"start":{"line":13,"column":20},"end":{"line":13,"column":55}},"4":{"start":{"line":14,"column":43},"end":{"line":14,"column":null}},"5":{"start":{"line":17,"column":4},"end":{"line":19,"column":5}},"6":{"start":{"line":18,"column":6},"end":{"line":18,"column":56}},"7":{"start":{"line":21,"column":18},"end":{"line":21,"column":52}},"8":{"start":{"line":22,"column":4},"end":{"line":30,"column":5}},"9":{"start":{"line":23,"column":21},"end":{"line":23,"column":64}},"10":{"start":{"line":24,"column":22},"end":{"line":24,"column":47}},"11":{"start":{"line":26,"column":6},"end":{"line":26,"column":29}},"12":{"start":{"line":27,"column":6},"end":{"line":27,"column":18}},"13":{"start":{"line":29,"column":6},"end":{"line":29,"column":56}},"14":{"start":{"line":11,"column":13},"end":{"line":11,"column":25}},"15":{"start":{"line":11,"column":13},"end":{"line":32,"column":null}}},"fnMap":{"0":{"name":"(anonymous_10)","decl":{"start":{"line":12,"column":2},"end":{"line":12,"column":13}},"loc":{"start":{"line":12,"column":39},"end":{"line":31,"column":3}}}},"branchMap":{"0":{"loc":{"start":{"line":17,"column":4},"end":{"line":19,"column":5}},"type":"if","locations":[{"start":{"line":17,"column":4},"end":{"line":19,"column":5}},{"start":{},"end":{}}]},"1":{"loc":{"start":{"line":17,"column":8},"end":{"line":17,"column":56}},"type":"binary-expr","locations":[{"start":{"line":17,"column":8},"end":{"line":17,"column":19}},{"start":{"line":17,"column":23},"end":{"line":17,"column":56}}]},"2":{"loc":{"start":{"line":23,"column":21},"end":{"line":23,"column":64}},"type":"binary-expr","locations":[{"start":{"line":23,"column":21},"end":{"line":23,"column":43}},{"start":{"line":23,"column":47},"end":{"line":23,"column":64}}]}},"s":{"0":1,"1":1,"2":1,"3":8,"4":8,"5":8,"6":4,"7":4,"8":4,"9":4,"10":4,"11":2,"12":2,"13":2,"14":1,"15":1},"f":{"0":8},"b":{"0":[4,4],"1":[8,6],"2":[4,3]}}
,"/Users/julien/Desktop/projet fil rouge/QuizArena/backend/src/auth/guard/roles.guard.ts": {"path":"/Users/julien/Desktop/projet fil rouge/QuizArena/backend/src/auth/guard/roles.guard.ts","statementMap":{"0":{"start":{"line":1,"column":0},"end":{"line":1,"column":75}},"1":{"start":{"line":2,"column":0},"end":{"line":2,"column":41}},"2":{"start":{"line":5,"column":0},"end":{"line":5,"column":57}},"3":{"start":{"line":15,"column":7},"end":{"line":40,"column":null}},"4":{"start":{"line":16,"column":22},"end":{"line":16,"column":33}},"5":{"start":{"line":19,"column":26},"end":{"line":21,"column":null}},"6":{"start":{"line":24,"column":4},"end":{"line":26,"column":5}},"7":{"start":{"line":25,"column":6},"end":{"line":25,"column":18}},"8":{"start":{"line":29,"column":20},"end":{"line":29,"column":55}},"9":{"start":{"line":31,"column":17},"end":{"line":31,"column":29}},"10":{"start":{"line":33,"column":4},"end":{"line":35,"column":5}},"11":{"start":{"line":34,"column":6},"end":{"line":34,"column":19}},"12":{"start":{"line":37,"column":22},"end":{"line":37,"column":47}},"13":{"start":{"line":38,"column":4},"end":{"line":38,"column":65}},"14":{"start":{"line":38,"column":40},"end":{"line":38,"column":63}},"15":{"start":{"line":15,"column":13},"end":{"line":15,"column":23}},"16":{"start":{"line":15,"column":13},"end":{"line":40,"column":null}}},"fnMap":{"0":{"name":"(anonymous_2)","decl":{"start":{"line":16,"column":2},"end":{"line":16,"column":22}},"loc":{"start":{"line":16,"column":42},"end":{"line":16,"column":46}}},"1":{"name":"(anonymous_3)","decl":{"start":{"line":18,"column":2},"end":{"line":18,"column":13}},"loc":{"start":{"line":18,"column":39},"end":{"line":39,"column":3}}},"2":{"name":"(anonymous_4)","decl":{"start":{"line":38,"column":30},"end":{"line":38,"column":31}},"loc":{"start":{"line":38,"column":40},"end":{"line":38,"column":63}}}},"branchMap":{"0":{"loc":{"start":{"line":24,"column":4},"end":{"line":26,"column":5}},"type":"if","locations":[{"start":{"line":24,"column":4},"end":{"line":26,"column":5}},{"start":{},"end":{}}]},"1":{"loc":{"start":{"line":33,"column":4},"end":{"line":35,"column":5}},"type":"if","locations":[{"start":{"line":33,"column":4},"end":{"line":35,"column":5}},{"start":{},"end":{}}]},"2":{"loc":{"start":{"line":33,"column":8},"end":{"line":33,"column":62}},"type":"binary-expr","locations":[{"start":{"line":33,"column":8},"end":{"line":33,"column":13}},{"start":{"line":33,"column":17},"end":{"line":33,"column":41}},{"start":{"line":33,"column":45},"end":{"line":33,"column":62}}]},"3":{"loc":{"start":{"line":16,"column":33},"end":{"line":16,"column":45}},"type":"cond-expr","locations":[{"start":{"line":16,"column":42},"end":{"line":16,"column":45}},{"start":{"line":16,"column":42},"end":{"line":16,"column":45}}]},"4":{"loc":{"start":{"line":16,"column":33},"end":{"line":16,"column":42}},"type":"binary-expr","locations":[{"start":{"line":16,"column":33},"end":{"line":16,"column":45}},{"start":{"line":16,"column":33},"end":{"line":16,"column":42}}]}},"s":{"0":1,"1":1,"2":1,"3":1,"4":9,"5":8,"6":8,"7":1,"8":7,"9":7,"10":7,"11":4,"12":3,"13":3,"14":4,"15":1,"16":1},"f":{"0":9,"1":8,"2":4},"b":{"0":[1,7],"1":[4,3],"2":[7,5,4],"3":[1,0],"4":[1,1]}}
,"/Users/julien/Desktop/projet fil rouge/QuizArena/backend/src/auth/services/auth.service.ts": {"path":"/Users/julien/Desktop/projet fil rouge/QuizArena/backend/src/auth/services/auth.service.ts","statementMap":{"0":{"start":{"line":2,"column":0},"end":{"line":2,"column":null}},"1":{"start":{"line":7,"column":0},"end":{"line":7,"column":69}},"2":{"start":{"line":8,"column":0},"end":{"line":8,"column":35}},"3":{"start":{"line":9,"column":0},"end":{"line":9,"column":36}},"4":{"start":{"line":16,"column":7},"end":{"line":150,"column":null}},"5":{"start":{"line":17,"column":31},"end":{"line":17,"column":39}},"6":{"start":{"line":20,"column":4},"end":{"line":20,"column":30}},"7":{"start":{"line":24,"column":21},"end":{"line":26,"column":6}},"8":{"start":{"line":27,"column":4},"end":{"line":27,"column":70}},"9":{"start":{"line":27,"column":18},"end":{"line":27,"column":70}},"10":{"start":{"line":29,"column":27},"end":{"line":29,"column":62}},"11":{"start":{"line":32,"column":27},"end":{"line":38,"column":33}},"12":{"start":{"line":40,"column":17},"end":{"line":62,"column":6}},"13":{"start":{"line":64,"column":4},"end":{"line":64,"column":16}},"14":{"start":{"line":68,"column":17},"end":{"line":70,"column":6}},"15":{"start":{"line":72,"column":4},"end":{"line":74,"column":5}},"16":{"start":{"line":73,"column":6},"end":{"line":73,"column":73}},"17":{"start":{"line":76,"column":37},"end":{"line":78,"column":null}},"18":{"start":{"line":80,"column":4},"end":{"line":82,"column":5}},"19":{"start":{"line":81,"column":6},"end":{"line":81,"column":73}},"20":{"start":{"line":84,"column":26},"end":{"line":91,"column":null}},"21":{"start":{"line":94,"column":49},"end":{"line":94,"column":53}},"22":{"start":{"line":95,"column":4},"end":{"line":98,"column":6}},"23":{"start":{"line":102,"column":17},"end":{"line":115,"column":6}},"24":{"start":{"line":116,"column":4},"end":{"line":116,"column":16}},"25":{"start":{"line":123,"column":22},"end":{"line":123,"column":24}},"26":{"start":{"line":124,"column":4},"end":{"line":124,"column":68}},"27":{"start":{"line":124,"column":37},"end":{"line":124,"column":68}},"28":{"start":{"line":125,"column":4},"end":{"line":125,"column":65}},"29":{"start":{"line":125,"column":36},"end":{"line":125,"column":65}},"30":{"start":{"line":126,"column":4},"end":{"line":126,"column":65}},"31":{"start":{"line":126,"column":36},"end":{"line":126,"column":65}},"32":{"start":{"line":127,"column":4},"end":{"line":127,"column":56}},"33":{"start":{"line":127,"column":33},"end":{"line":127,"column":56}},"34":{"start":{"line":128,"column":4},"end":{"line":131,"column":5}},"35":{"start":{"line":129,"column":29},"end":{"line":129,"column":64}},"36":{"start":{"line":130,"column":6},"end":{"line":130,"column":29}},"37":{"start":{"line":133,"column":17},"end":{"line":147,"column":6}},"38":{"start":{"line":148,"column":4},"end":{"line":148,"column":16}},"39":{"start":{"line":16,"column":13},"end":{"line":16,"column":24}},"40":{"start":{"line":16,"column":13},"end":{"line":150,"column":null}}},"fnMap":{"0":{"name":"(anonymous_11)","decl":{"start":{"line":17,"column":2},"end":{"line":17,"column":31}},"loc":{"start":{"line":17,"column":52},"end":{"line":17,"column":56}}},"1":{"name":"(anonymous_12)","decl":{"start":{"line":19,"column":2},"end":{"line":19,"column":14}},"loc":{"start":{"line":19,"column":26},"end":{"line":21,"column":3}}},"2":{"name":"(anonymous_13)","decl":{"start":{"line":23,"column":2},"end":{"line":23,"column":7}},"loc":{"start":{"line":23,"column":33},"end":{"line":65,"column":3}}},"3":{"name":"(anonymous_14)","decl":{"start":{"line":67,"column":2},"end":{"line":67,"column":7}},"loc":{"start":{"line":67,"column":27},"end":{"line":99,"column":3}}},"4":{"name":"(anonymous_15)","decl":{"start":{"line":101,"column":2},"end":{"line":101,"column":7}},"loc":{"start":{"line":101,"column":25},"end":{"line":117,"column":3}}},"5":{"name":"(anonymous_16)","decl":{"start":{"line":119,"column":2},"end":{"line":119,"column":7}},"loc":{"start":{"line":121,"column":25},"end":{"line":149,"column":3}}}},"branchMap":{"0":{"loc":{"start":{"line":27,"column":4},"end":{"line":27,"column":70}},"type":"if","locations":[{"start":{"line":27,"column":4},"end":{"line":27,"column":70}},{"start":{},"end":{}}]},"1":{"loc":{"start":{"line":32,"column":28},"end":{"line":32,"column":46}},"type":"binary-expr","locations":[{"start":{"line":32,"column":28},"end":{"line":32,"column":36}},{"start":{"line":32,"column":40},"end":{"line":32,"column":46}}]},"2":{"loc":{"start":{"line":48,"column":22},"end":{"line":48,"column":46}},"type":"binary-expr","locations":[{"start":{"line":48,"column":22},"end":{"line":48,"column":38}},{"start":{"line":48,"column":42},"end":{"line":48,"column":46}}]},"3":{"loc":{"start":{"line":49,"column":16},"end":{"line":49,"column":34}},"type":"binary-expr","locations":[{"start":{"line":49,"column":16},"end":{"line":49,"column":26}},{"start":{"line":49,"column":30},"end":{"line":49,"column":34}}]},"4":{"loc":{"start":{"line":50,"column":15},"end":{"line":50,"column":32}},"type":"binary-expr","locations":[{"start":{"line":50,"column":15},"end":{"line":50,"column":24}},{"start":{"line":50,"column":28},"end":{"line":50,"column":32}}]},"5":{"loc":{"start":{"line":51,"column":15},"end":{"line":51,"column":32}},"type":"binary-expr","locations":[{"start":{"line":51,"column":15},"end":{"line":51,"column":24}},{"start":{"line":51,"column":28},"end":{"line":51,"column":32}}]},"6":{"loc":{"start":{"line":52,"column":24},"end":{"line":52,"column":50}},"type":"binary-expr","locations":[{"start":{"line":52,"column":24},"end":{"line":52,"column":42}},{"start":{"line":52,"column":46},"end":{"line":52,"column":50}}]},"7":{"loc":{"start":{"line":72,"column":4},"end":{"line":74,"column":5}},"type":"if","locations":[{"start":{"line":72,"column":4},"end":{"line":74,"column":5}},{"start":{},"end":{}}]},"8":{"loc":{"start":{"line":80,"column":4},"end":{"line":82,"column":5}},"type":"if","locations":[{"start":{"line":80,"column":4},"end":{"line":82,"column":5}},{"start":{},"end":{}}]},"9":{"loc":{"start":{"line":90,"column":6},"end":{"line":90,"column":49}},"type":"binary-expr","locations":[{"start":{"line":90,"column":6},"end":{"line":90,"column":28}},{"start":{"line":90,"column":32},"end":{"line":90,"column":49}}]},"10":{"loc":{"start":{"line":91,"column":19},"end":{"line":91,"column":53}},"type":"binary-expr","locations":[{"start":{"line":91,"column":19},"end":{"line":91,"column":45}},{"start":{"line":91,"column":49},"end":{"line":91,"column":53}}]},"11":{"loc":{"start":{"line":124,"column":4},"end":{"line":124,"column":68}},"type":"if","locations":[{"start":{"line":124,"column":4},"end":{"line":124,"column":68}},{"start":{},"end":{}}]},"12":{"loc":{"start":{"line":125,"column":4},"end":{"line":125,"column":65}},"type":"if","locations":[{"start":{"line":125,"column":4},"end":{"line":125,"column":65}},{"start":{},"end":{}}]},"13":{"loc":{"start":{"line":126,"column":4},"end":{"line":126,"column":65}},"type":"if","locations":[{"start":{"line":126,"column":4},"end":{"line":126,"column":65}},{"start":{},"end":{}}]},"14":{"loc":{"start":{"line":127,"column":4},"end":{"line":127,"column":56}},"type":"if","locations":[{"start":{"line":127,"column":4},"end":{"line":127,"column":56}},{"start":{},"end":{}}]},"15":{"loc":{"start":{"line":128,"column":4},"end":{"line":131,"column":5}},"type":"if","locations":[{"start":{"line":128,"column":4},"end":{"line":131,"column":5}},{"start":{},"end":{}}]},"16":{"loc":{"start":{"line":17,"column":39},"end":{"line":17,"column":55}},"type":"cond-expr","locations":[{"start":{"line":17,"column":52},"end":{"line":17,"column":55}},{"start":{"line":17,"column":52},"end":{"line":17,"column":55}}]},"17":{"loc":{"start":{"line":17,"column":39},"end":{"line":17,"column":52}},"type":"binary-expr","locations":[{"start":{"line":17,"column":39},"end":{"line":17,"column":55}},{"start":{"line":17,"column":39},"end":{"line":17,"column":52}}]}},"s":{"0":1,"1":1,"2":1,"3":1,"4":1,"5":7,"6":7,"7":2,"8":2,"9":1,"10":1,"11":1,"12":1,"13":1,"14":3,"15":3,"16":1,"17":2,"18":2,"19":1,"20":1,"21":1,"22":1,"23":0,"24":0,"25":1,"26":1,"27":1,"28":1,"29":1,"30":1,"31":0,"32":1,"33":1,"34":1,"35":0,"36":0,"37":1,"38":1,"39":1,"40":1},"f":{"0":7,"1":7,"2":2,"3":3,"4":0,"5":1},"b":{"0":[1,1],"1":[1,1],"2":[1,1],"3":[1,1],"4":[1,1],"5":[1,1],"6":[1,1],"7":[1,2],"8":[1,1],"9":[1,0],"10":[1,0],"11":[1,0],"12":[1,0],"13":[0,1],"14":[1,0],"15":[0,1],"16":[1,0],"17":[1,1]}}
,"/Users/julien/Desktop/projet fil rouge/QuizArena/backend/src/badge/badge.module.ts": {"path":"/Users/julien/Desktop/projet fil rouge/QuizArena/backend/src/badge/badge.module.ts","statementMap":{"0":{"start":{"line":1,"column":0},"end":{"line":1,"column":40}},"1":{"start":{"line":2,"column":0},"end":{"line":2,"column":55}},"2":{"start":{"line":3,"column":0},"end":{"line":3,"column":65}},"3":{"start":{"line":4,"column":0},"end":{"line":4,"column":56}},"4":{"start":{"line":12,"column":7},"end":{"line":12,"column":null}},"5":{"start":{"line":12,"column":13},"end":{"line":12,"column":24}},"6":{"start":{"line":12,"column":13},"end":{"line":12,"column":null}}},"fnMap":{},"branchMap":{},"s":{"0":0,"1":0,"2":0,"3":0,"4":0,"5":0,"6":0},"f":{},"b":{}}
,"/Users/julien/Desktop/projet fil rouge/QuizArena/backend/src/badge/controllers/badge.controller.ts": {"path":"/Users/julien/Desktop/projet fil rouge/QuizArena/backend/src/badge/controllers/badge.controller.ts","statementMap":{"0":{"start":{"line":3,"column":0},"end":{"line":3,"column":null}},"1":{"start":{"line":14,"column":0},"end":{"line":14,"column":57}},"2":{"start":{"line":15,"column":0},"end":{"line":15,"column":57}},"3":{"start":{"line":16,"column":0},"end":{"line":16,"column":57}},"4":{"start":{"line":17,"column":0},"end":{"line":17,"column":61}},"5":{"start":{"line":20,"column":7},"end":{"line":74,"column":null}},"6":{"start":{"line":21,"column":31},"end":{"line":21,"column":45}},"7":{"start":{"line":26,"column":4},"end":{"line":26,"column":52}},"8":{"start":{"line":31,"column":4},"end":{"line":31,"column":39}},"9":{"start":{"line":37,"column":4},"end":{"line":37,"column":57}},"10":{"start":{"line":43,"column":4},"end":{"line":43,"column":57}},"11":{"start":{"line":49,"column":4},"end":{"line":49,"column":65}},"12":{"start":{"line":54,"column":4},"end":{"line":54,"column":41}},"13":{"start":{"line":60,"column":4},"end":{"line":60,"column":62}},"14":{"start":{"line":66,"column":4},"end":{"line":66,"column":56}},"15":{"start":{"line":72,"column":4},"end":{"line":72,"column":40}},"16":{"start":{"line":20,"column":13},"end":{"line":20,"column":28}},"17":{"start":{"line":25,"column":2},"end":{"line":27,"column":null}},"18":{"start":{"line":30,"column":2},"end":{"line":32,"column":null}},"19":{"start":{"line":36,"column":2},"end":{"line":38,"column":null}},"20":{"start":{"line":42,"column":2},"end":{"line":44,"column":null}},"21":{"start":{"line":48,"column":2},"end":{"line":50,"column":null}},"22":{"start":{"line":53,"column":2},"end":{"line":55,"column":null}},"23":{"start":{"line":59,"column":2},"end":{"line":61,"column":null}},"24":{"start":{"line":65,"column":2},"end":{"line":67,"column":null}},"25":{"start":{"line":71,"column":2},"end":{"line":73,"column":null}},"26":{"start":{"line":20,"column":13},"end":{"line":74,"column":null}}},"fnMap":{"0":{"name":"(anonymous_4)","decl":{"start":{"line":21,"column":2},"end":{"line":21,"column":31}},"loc":{"start":{"line":21,"column":57},"end":{"line":21,"column":61}}},"1":{"name":"(anonymous_5)","decl":{"start":{"line":25,"column":2},"end":{"line":25,"column":8}},"loc":{"start":{"line":25,"column":47},"end":{"line":27,"column":3}}},"2":{"name":"(anonymous_6)","decl":{"start":{"line":30,"column":2},"end":{"line":30,"column":9}},"loc":{"start":{"line":30,"column":9},"end":{"line":32,"column":3}}},"3":{"name":"(anonymous_7)","decl":{"start":{"line":36,"column":2},"end":{"line":36,"column":14}},"loc":{"start":{"line":36,"column":29},"end":{"line":38,"column":3}}},"4":{"name":"(anonymous_8)","decl":{"start":{"line":42,"column":2},"end":{"line":42,"column":19}},"loc":{"start":{"line":42,"column":34},"end":{"line":44,"column":3}}},"5":{"name":"(anonymous_9)","decl":{"start":{"line":48,"column":2},"end":{"line":48,"column":17}},"loc":{"start":{"line":48,"column":32},"end":{"line":50,"column":3}}},"6":{"name":"(anonymous_10)","decl":{"start":{"line":53,"column":2},"end":{"line":53,"column":9}},"loc":{"start":{"line":53,"column":33},"end":{"line":55,"column":3}}},"7":{"name":"(anonymous_11)","decl":{"start":{"line":59,"column":2},"end":{"line":59,"column":13}},"loc":{"start":{"line":59,"column":53},"end":{"line":61,"column":3}}},"8":{"name":"(anonymous_12)","decl":{"start":{"line":65,"column":2},"end":{"line":65,"column":8}},"loc":{"start":{"line":65,"column":72},"end":{"line":67,"column":3}}},"9":{"name":"(anonymous_13)","decl":{"start":{"line":71,"column":2},"end":{"line":71,"column":8}},"loc":{"start":{"line":71,"column":32},"end":{"line":73,"column":3}}}},"branchMap":{"0":{"loc":{"start":{"line":25,"column":33},"end":{"line":25,"column":null}},"type":"cond-expr","locations":[{"start":{"line":25,"column":47},"end":{"line":25,"column":null}},{"start":{"line":25,"column":47},"end":{"line":25,"column":null}}]},"1":{"loc":{"start":{"line":25,"column":33},"end":{"line":25,"column":47}},"type":"binary-expr","locations":[{"start":{"line":25,"column":33},"end":{"line":25,"column":null}},{"start":{"line":25,"column":33},"end":{"line":25,"column":47}}]},"2":{"loc":{"start":{"line":65,"column":58},"end":{"line":65,"column":null}},"type":"cond-expr","locations":[{"start":{"line":65,"column":72},"end":{"line":65,"column":null}},{"start":{"line":65,"column":72},"end":{"line":65,"column":null}}]},"3":{"loc":{"start":{"line":65,"column":58},"end":{"line":65,"column":72}},"type":"binary-expr","locations":[{"start":{"line":65,"column":58},"end":{"line":65,"column":null}},{"start":{"line":65,"column":58},"end":{"line":65,"column":72}}]},"4":{"loc":{"start":{"line":21,"column":45},"end":{"line":21,"column":60}},"type":"cond-expr","locations":[{"start":{"line":21,"column":57},"end":{"line":21,"column":60}},{"start":{"line":21,"column":57},"end":{"line":21,"column":60}}]},"5":{"loc":{"start":{"line":21,"column":45},"end":{"line":21,"column":57}},"type":"binary-expr","locations":[{"start":{"line":21,"column":45},"end":{"line":21,"column":60}},{"start":{"line":21,"column":45},"end":{"line":21,"column":57}}]}},"s":{"0":0,"1":0,"2":0,"3":0,"4":0,"5":0,"6":0,"7":0,"8":0,"9":0,"10":0,"11":0,"12":0,"13":0,"14":0,"15":0,"16":0,"17":0,"18":0,"19":0,"20":0,"21":0,"22":0,"23":0,"24":0,"25":0,"26":0},"f":{"0":0,"1":0,"2":0,"3":0,"4":0,"5":0,"6":0,"7":0,"8":0,"9":0},"b":{"0":[0,0],"1":[0,0],"2":[0,0],"3":[0,0],"4":[0,0],"5":[0,0]}}
,"/Users/julien/Desktop/projet fil rouge/QuizArena/backend/src/badge/dto/create-badge.dto.ts": {"path":"/Users/julien/Desktop/projet fil rouge/QuizArena/backend/src/badge/dto/create-badge.dto.ts","statementMap":{"0":{"start":{"line":1,"column":0},"end":{"line":1,"column":null}},"1":{"start":{"line":9,"column":0},"end":{"line":9,"column":null}},"2":{"start":{"line":10,"column":2},"end":{"line":10,"column":null}},"3":{"start":{"line":11,"column":2},"end":{"line":11,"column":null}},"4":{"start":{"line":12,"column":2},"end":{"line":12,"column":null}},"5":{"start":{"line":37,"column":23},"end":{"line":37,"column":27}},"6":{"start":{"line":15,"column":0},"end":{"line":15,"column":13}},"7":{"start":{"line":18,"column":2},"end":{"line":18,"column":null}},"8":{"start":{"line":22,"column":2},"end":{"line":22,"column":null}},"9":{"start":{"line":26,"column":2},"end":{"line":26,"column":null}},"10":{"start":{"line":29,"column":2},"end":{"line":29,"column":null}},"11":{"start":{"line":33,"column":2},"end":{"line":33,"column":null}},"12":{"start":{"line":37,"column":2},"end":{"line":37,"column":null}}},"fnMap":{"0":{"name":"(anonymous_2)","decl":{"start":{"line":9,"column":0},"end":{"line":9,"column":12}},"loc":{"start":{"line":9,"column":25},"end":{"line":13,"column":1}}}},"branchMap":{"0":{"loc":{"start":{"line":9,"column":12},"end":{"line":9,"column":null}},"type":"binary-expr","locations":[{"start":{"line":9,"column":12},"end":{"line":9,"column":25}},{"start":{"line":9,"column":25},"end":{"line":9,"column":null}}]}},"s":{"0":0,"1":0,"2":0,"3":0,"4":0,"5":0,"6":0,"7":0,"8":0,"9":0,"10":0,"11":0,"12":0},"f":{"0":0},"b":{"0":[0,0]}}
,"/Users/julien/Desktop/projet fil rouge/QuizArena/backend/src/badge/dto/update-badge.dto.ts": {"path":"/Users/julien/Desktop/projet fil rouge/QuizArena/backend/src/badge/dto/update-badge.dto.ts","statementMap":{"0":{"start":{"line":1,"column":0},"end":{"line":1,"column":51}},"1":{"start":{"line":2,"column":0},"end":{"line":2,"column":52}},"2":{"start":{"line":4,"column":0},"end":{"line":4,"column":13}}},"fnMap":{},"branchMap":{},"s":{"0":0,"1":0,"2":0},"f":{},"b":{}}
,"/Users/julien/Desktop/projet fil rouge/QuizArena/backend/src/badge/services/badge.service.ts": {"path":"/Users/julien/Desktop/projet fil rouge/QuizArena/backend/src/badge/services/badge.service.ts","statementMap":{"0":{"start":{"line":6,"column":0},"end":{"line":6,"column":63}},"1":{"start":{"line":7,"column":0},"end":{"line":7,"column":69}},"2":{"start":{"line":12,"column":7},"end":{"line":187,"column":null}},"3":{"start":{"line":13,"column":31},"end":{"line":13,"column":39}},"4":{"start":{"line":16,"column":4},"end":{"line":18,"column":7}},"5":{"start":{"line":22,"column":4},"end":{"line":26,"column":7}},"6":{"start":{"line":30,"column":18},"end":{"line":32,"column":6}},"7":{"start":{"line":34,"column":4},"end":{"line":36,"column":5}},"8":{"start":{"line":35,"column":6},"end":{"line":35,"column":54}},"9":{"start":{"line":38,"column":4},"end":{"line":38,"column":17}},"10":{"start":{"line":42,"column":4},"end":{"line":50,"column":7}},"11":{"start":{"line":54,"column":23},"end":{"line":59,"column":6}},"12":{"start":{"line":61,"column":29},"end":{"line":61,"column":63}},"13":{"start":{"line":61,"column":52},"end":{"line":61,"column":62}},"14":{"start":{"line":63,"column":22},"end":{"line":65,"column":6}},"15":{"start":{"line":67,"column":4},"end":{"line":72,"column":10}},"16":{"start":{"line":68,"column":25},"end":{"line":68,"column":61}},"17":{"start":{"line":69,"column":23},"end":{"line":72,"column":8}},"18":{"start":{"line":76,"column":4},"end":{"line":76,"column":27}},"19":{"start":{"line":78,"column":4},"end":{"line":81,"column":7}},"20":{"start":{"line":85,"column":4},"end":{"line":85,"column":27}},"21":{"start":{"line":87,"column":4},"end":{"line":89,"column":7}},"22":{"start":{"line":93,"column":17},"end":{"line":95,"column":6}},"23":{"start":{"line":97,"column":4},"end":{"line":99,"column":5}},"24":{"start":{"line":98,"column":6},"end":{"line":98,"column":13}},"25":{"start":{"line":102,"column":4},"end":{"line":109,"column":5}},"26":{"start":{"line":103,"column":20},"end":{"line":105,"column":8}},"27":{"start":{"line":106,"column":6},"end":{"line":108,"column":7}},"28":{"start":{"line":107,"column":8},"end":{"line":107,"column":56}},"29":{"start":{"line":112,"column":4},"end":{"line":119,"column":5}},"30":{"start":{"line":113,"column":20},"end":{"line":115,"column":8}},"31":{"start":{"line":116,"column":6},"end":{"line":118,"column":7}},"32":{"start":{"line":117,"column":8},"end":{"line":117,"column":56}},"33":{"start":{"line":122,"column":4},"end":{"line":129,"column":5}},"34":{"start":{"line":123,"column":20},"end":{"line":125,"column":8}},"35":{"start":{"line":126,"column":6},"end":{"line":128,"column":7}},"36":{"start":{"line":127,"column":8},"end":{"line":127,"column":56}},"37":{"start":{"line":132,"column":4},"end":{"line":139,"column":5}},"38":{"start":{"line":133,"column":20},"end":{"line":135,"column":8}},"39":{"start":{"line":136,"column":6},"end":{"line":138,"column":7}},"40":{"start":{"line":137,"column":8},"end":{"line":137,"column":56}},"41":{"start":{"line":142,"column":4},"end":{"line":149,"column":5}},"42":{"start":{"line":143,"column":20},"end":{"line":145,"column":8}},"43":{"start":{"line":146,"column":6},"end":{"line":148,"column":7}},"44":{"start":{"line":147,"column":8},"end":{"line":147,"column":56}},"45":{"start":{"line":152,"column":4},"end":{"line":159,"column":5}},"46":{"start":{"line":153,"column":20},"end":{"line":155,"column":8}},"47":{"start":{"line":156,"column":6},"end":{"line":158,"column":7}},"48":{"start":{"line":157,"column":8},"end":{"line":157,"column":56}},"49":{"start":{"line":166,"column":30},"end":{"line":171,"column":6}},"50":{"start":{"line":173,"column":4},"end":{"line":181,"column":5}},"51":{"start":{"line":174,"column":6},"end":{"line":180,"column":9}},"52":{"start":{"line":185,"column":4},"end":{"line":185,"column":45}},"53":{"start":{"line":12,"column":13},"end":{"line":12,"column":25}},"54":{"start":{"line":12,"column":13},"end":{"line":187,"column":null}}},"fnMap":{"0":{"name":"(anonymous_2)","decl":{"start":{"line":13,"column":2},"end":{"line":13,"column":31}},"loc":{"start":{"line":13,"column":52},"end":{"line":13,"column":56}}},"1":{"name":"(anonymous_3)","decl":{"start":{"line":15,"column":2},"end":{"line":15,"column":7}},"loc":{"start":{"line":15,"column":45},"end":{"line":19,"column":3}}},"2":{"name":"(anonymous_4)","decl":{"start":{"line":21,"column":2},"end":{"line":21,"column":7}},"loc":{"start":{"line":21,"column":15},"end":{"line":27,"column":3}}},"3":{"name":"(anonymous_5)","decl":{"start":{"line":29,"column":2},"end":{"line":29,"column":7}},"loc":{"start":{"line":29,"column":26},"end":{"line":39,"column":3}}},"4":{"name":"(anonymous_6)","decl":{"start":{"line":41,"column":2},"end":{"line":41,"column":7}},"loc":{"start":{"line":41,"column":33},"end":{"line":51,"column":3}}},"5":{"name":"(anonymous_7)","decl":{"start":{"line":53,"column":2},"end":{"line":53,"column":7}},"loc":{"start":{"line":53,"column":41},"end":{"line":73,"column":3}}},"6":{"name":"(anonymous_8)","decl":{"start":{"line":61,"column":44},"end":{"line":61,"column":45}},"loc":{"start":{"line":61,"column":52},"end":{"line":61,"column":62}}},"7":{"name":"(anonymous_9)","decl":{"start":{"line":68,"column":14},"end":{"line":68,"column":15}},"loc":{"start":{"line":68,"column":25},"end":{"line":68,"column":61}}},"8":{"name":"(anonymous_10)","decl":{"start":{"line":69,"column":11},"end":{"line":69,"column":12}},"loc":{"start":{"line":69,"column":23},"end":{"line":72,"column":8}}},"9":{"name":"(anonymous_11)","decl":{"start":{"line":75,"column":2},"end":{"line":75,"column":7}},"loc":{"start":{"line":75,"column":57},"end":{"line":82,"column":3}}},"10":{"name":"(anonymous_12)","decl":{"start":{"line":84,"column":2},"end":{"line":84,"column":7}},"loc":{"start":{"line":84,"column":25},"end":{"line":90,"column":3}}},"11":{"name":"(anonymous_13)","decl":{"start":{"line":92,"column":2},"end":{"line":92,"column":7}},"loc":{"start":{"line":92,"column":49},"end":{"line":160,"column":3}}},"12":{"name":"(anonymous_14)","decl":{"start":{"line":162,"column":10},"end":{"line":162,"column":15}},"loc":{"start":{"line":164,"column":19},"end":{"line":182,"column":3}}},"13":{"name":"(anonymous_15)","decl":{"start":{"line":184,"column":2},"end":{"line":184,"column":7}},"loc":{"start":{"line":184,"column":58},"end":{"line":186,"column":3}}}},"branchMap":{"0":{"loc":{"start":{"line":34,"column":4},"end":{"line":36,"column":5}},"type":"if","locations":[{"start":{"line":34,"column":4},"end":{"line":36,"column":5}},{"start":{},"end":{}}]},"1":{"loc":{"start":{"line":97,"column":4},"end":{"line":99,"column":5}},"type":"if","locations":[{"start":{"line":97,"column":4},"end":{"line":99,"column":5}},{"start":{},"end":{}}]},"2":{"loc":{"start":{"line":102,"column":4},"end":{"line":109,"column":5}},"type":"if","locations":[{"start":{"line":102,"column":4},"end":{"line":109,"column":5}},{"start":{},"end":{}}]},"3":{"loc":{"start":{"line":106,"column":6},"end":{"line":108,"column":7}},"type":"if","locations":[{"start":{"line":106,"column":6},"end":{"line":108,"column":7}},{"start":{},"end":{}}]},"4":{"loc":{"start":{"line":112,"column":4},"end":{"line":119,"column":5}},"type":"if","locations":[{"start":{"line":112,"column":4},"end":{"line":119,"column":5}},{"start":{},"end":{}}]},"5":{"loc":{"start":{"line":116,"column":6},"end":{"line":118,"column":7}},"type":"if","locations":[{"start":{"line":116,"column":6},"end":{"line":118,"column":7}},{"start":{},"end":{}}]},"6":{"loc":{"start":{"line":122,"column":4},"end":{"line":129,"column":5}},"type":"if","locations":[{"start":{"line":122,"column":4},"end":{"line":129,"column":5}},{"start":{},"end":{}}]},"7":{"loc":{"start":{"line":126,"column":6},"end":{"line":128,"column":7}},"type":"if","locations":[{"start":{"line":126,"column":6},"end":{"line":128,"column":7}},{"start":{},"end":{}}]},"8":{"loc":{"start":{"line":132,"column":4},"end":{"line":139,"column":5}},"type":"if","locations":[{"start":{"line":132,"column":4},"end":{"line":139,"column":5}},{"start":{},"end":{}}]},"9":{"loc":{"start":{"line":136,"column":6},"end":{"line":138,"column":7}},"type":"if","locations":[{"start":{"line":136,"column":6},"end":{"line":138,"column":7}},{"start":{},"end":{}}]},"10":{"loc":{"start":{"line":142,"column":4},"end":{"line":149,"column":5}},"type":"if","locations":[{"start":{"line":142,"column":4},"end":{"line":149,"column":5}},{"start":{},"end":{}}]},"11":{"loc":{"start":{"line":146,"column":6},"end":{"line":148,"column":7}},"type":"if","locations":[{"start":{"line":146,"column":6},"end":{"line":148,"column":7}},{"start":{},"end":{}}]},"12":{"loc":{"start":{"line":152,"column":4},"end":{"line":159,"column":5}},"type":"if","locations":[{"start":{"line":152,"column":4},"end":{"line":159,"column":5}},{"start":{},"end":{}}]},"13":{"loc":{"start":{"line":156,"column":6},"end":{"line":158,"column":7}},"type":"if","locations":[{"start":{"line":156,"column":6},"end":{"line":158,"column":7}},{"start":{},"end":{}}]},"14":{"loc":{"start":{"line":173,"column":4},"end":{"line":181,"column":5}},"type":"if","locations":[{"start":{"line":173,"column":4},"end":{"line":181,"column":5}},{"start":{},"end":{}}]},"15":{"loc":{"start":{"line":13,"column":39},"end":{"line":13,"column":55}},"type":"cond-expr","locations":[{"start":{"line":13,"column":52},"end":{"line":13,"column":55}},{"start":{"line":13,"column":52},"end":{"line":13,"column":55}}]},"16":{"loc":{"start":{"line":13,"column":39},"end":{"line":13,"column":52}},"type":"binary-expr","locations":[{"start":{"line":13,"column":39},"end":{"line":13,"column":55}},{"start":{"line":13,"column":39},"end":{"line":13,"column":52}}]}},"s":{"0":0,"1":0,"2":0,"3":0,"4":0,"5":0,"6":0,"7":0,"8":0,"9":0,"10":0,"11":0,"12":0,"13":0,"14":0,"15":0,"16":0,"17":0,"18":0,"19":0,"20":0,"21":0,"22":0,"23":0,"24":0,"25":0,"26":0,"27":0,"28":0,"29":0,"30":0,"31":0,"32":0,"33":0,"34":0,"35":0,"36":0,"37":0,"38":0,"39":0,"40":0,"41":0,"42":0,"43":0,"44":0,"45":0,"46":0,"47":0,"48":0,"49":0,"50":0,"51":0,"52":0,"53":0,"54":0},"f":{"0":0,"1":0,"2":0,"3":0,"4":0,"5":0,"6":0,"7":0,"8":0,"9":0,"10":0,"11":0,"12":0,"13":0},"b":{"0":[0,0],"1":[0,0],"2":[0,0],"3":[0,0],"4":[0,0],"5":[0,0],"6":[0,0],"7":[0,0],"8":[0,0],"9":[0,0],"10":[0,0],"11":[0,0],"12":[0,0],"13":[0,0],"14":[0,0],"15":[0,0],"16":[0,0]}}
,"/Users/julien/Desktop/projet fil rouge/QuizArena/backend/src/category/category.module.ts": {"path":"/Users/julien/Desktop/projet fil rouge/QuizArena/backend/src/category/category.module.ts","statementMap":{"0":{"start":{"line":1,"column":0},"end":{"line":1,"column":40}},"1":{"start":{"line":2,"column":0},"end":{"line":2,"column":71}},"2":{"start":{"line":3,"column":0},"end":{"line":3,"column":62}},"3":{"start":{"line":4,"column":0},"end":{"line":4,"column":55}},"4":{"start":{"line":12,"column":7},"end":{"line":12,"column":null}},"5":{"start":{"line":12,"column":13},"end":{"line":12,"column":27}},"6":{"start":{"line":12,"column":13},"end":{"line":12,"column":null}}},"fnMap":{},"branchMap":{},"s":{"0":0,"1":0,"2":0,"3":0,"4":0,"5":0,"6":0},"f":{},"b":{}}
,"/Users/julien/Desktop/projet fil rouge/QuizArena/backend/src/category/controllers/category.controller.ts": {"path":"/Users/julien/Desktop/projet fil rouge/QuizArena/backend/src/category/controllers/category.controller.ts","statementMap":{"0":{"start":{"line":1,"column":0},"end":{"line":1,"column":null}},"1":{"start":{"line":11,"column":0},"end":{"line":11,"column":63}},"2":{"start":{"line":12,"column":0},"end":{"line":12,"column":63}},"3":{"start":{"line":13,"column":0},"end":{"line":13,"column":63}},"4":{"start":{"line":14,"column":0},"end":{"line":14,"column":61}},"5":{"start":{"line":17,"column":7},"end":{"line":55,"column":null}},"6":{"start":{"line":18,"column":31},"end":{"line":18,"column":48}},"7":{"start":{"line":23,"column":4},"end":{"line":23,"column":58}},"8":{"start":{"line":28,"column":4},"end":{"line":28,"column":42}},"9":{"start":{"line":33,"column":4},"end":{"line":33,"column":44}},"10":{"start":{"line":38,"column":4},"end":{"line":38,"column":53}},"11":{"start":{"line":47,"column":4},"end":{"line":47,"column":62}},"12":{"start":{"line":53,"column":4},"end":{"line":53,"column":43}},"13":{"start":{"line":17,"column":13},"end":{"line":17,"column":31}},"14":{"start":{"line":22,"column":2},"end":{"line":24,"column":null}},"15":{"start":{"line":27,"column":2},"end":{"line":29,"column":null}},"16":{"start":{"line":32,"column":2},"end":{"line":34,"column":null}},"17":{"start":{"line":37,"column":2},"end":{"line":39,"column":null}},"18":{"start":{"line":43,"column":2},"end":{"line":48,"column":null}},"19":{"start":{"line":52,"column":2},"end":{"line":54,"column":null}},"20":{"start":{"line":17,"column":13},"end":{"line":55,"column":null}}},"fnMap":{"0":{"name":"(anonymous_4)","decl":{"start":{"line":18,"column":2},"end":{"line":18,"column":31}},"loc":{"start":{"line":18,"column":63},"end":{"line":18,"column":67}}},"1":{"name":"(anonymous_5)","decl":{"start":{"line":22,"column":2},"end":{"line":22,"column":8}},"loc":{"start":{"line":22,"column":53},"end":{"line":24,"column":3}}},"2":{"name":"(anonymous_6)","decl":{"start":{"line":27,"column":2},"end":{"line":27,"column":9}},"loc":{"start":{"line":27,"column":9},"end":{"line":29,"column":3}}},"3":{"name":"(anonymous_7)","decl":{"start":{"line":32,"column":2},"end":{"line":32,"column":9}},"loc":{"start":{"line":32,"column":33},"end":{"line":34,"column":3}}},"4":{"name":"(anonymous_8)","decl":{"start":{"line":37,"column":2},"end":{"line":37,"column":18}},"loc":{"start":{"line":37,"column":42},"end":{"line":39,"column":3}}},"5":{"name":"(anonymous_9)","decl":{"start":{"line":43,"column":2},"end":{"line":43,"column":8}},"loc":{"start":{"line":45,"column":48},"end":{"line":48,"column":3}}},"6":{"name":"(anonymous_10)","decl":{"start":{"line":52,"column":2},"end":{"line":52,"column":8}},"loc":{"start":{"line":52,"column":32},"end":{"line":54,"column":3}}}},"branchMap":{"0":{"loc":{"start":{"line":22,"column":36},"end":{"line":22,"column":null}},"type":"cond-expr","locations":[{"start":{"line":22,"column":53},"end":{"line":22,"column":null}},{"start":{"line":22,"column":53},"end":{"line":22,"column":null}}]},"1":{"loc":{"start":{"line":22,"column":36},"end":{"line":22,"column":53}},"type":"binary-expr","locations":[{"start":{"line":22,"column":36},"end":{"line":22,"column":null}},{"start":{"line":22,"column":36},"end":{"line":22,"column":53}}]},"2":{"loc":{"start":{"line":45,"column":31},"end":{"line":45,"column":null}},"type":"cond-expr","locations":[{"start":{"line":45,"column":48},"end":{"line":45,"column":null}},{"start":{"line":45,"column":48},"end":{"line":45,"column":null}}]},"3":{"loc":{"start":{"line":45,"column":31},"end":{"line":45,"column":48}},"type":"binary-expr","locations":[{"start":{"line":45,"column":31},"end":{"line":45,"column":null}},{"start":{"line":45,"column":31},"end":{"line":45,"column":48}}]},"4":{"loc":{"start":{"line":18,"column":48},"end":{"line":18,"column":66}},"type":"cond-expr","locations":[{"start":{"line":18,"column":63},"end":{"line":18,"column":66}},{"start":{"line":18,"column":63},"end":{"line":18,"column":66}}]},"5":{"loc":{"start":{"line":18,"column":48},"end":{"line":18,"column":63}},"type":"binary-expr","locations":[{"start":{"line":18,"column":48},"end":{"line":18,"column":66}},{"start":{"line":18,"column":48},"end":{"line":18,"column":63}}]}},"s":{"0":0,"1":0,"2":0,"3":0,"4":0,"5":0,"6":0,"7":0,"8":0,"9":0,"10":0,"11":0,"12":0,"13":0,"14":0,"15":0,"16":0,"17":0,"18":0,"19":0,"20":0},"f":{"0":0,"1":0,"2":0,"3":0,"4":0,"5":0,"6":0},"b":{"0":[0,0],"1":[0,0],"2":[0,0],"3":[0,0],"4":[0,0],"5":[0,0]}}
,"/Users/julien/Desktop/projet fil rouge/QuizArena/backend/src/category/dto/create-category.dto.ts": {"path":"/Users/julien/Desktop/projet fil rouge/QuizArena/backend/src/category/dto/create-category.dto.ts","statementMap":{"0":{"start":{"line":1,"column":0},"end":{"line":1,"column":67}},"1":{"start":{"line":3,"column":0},"end":{"line":3,"column":13}},"2":{"start":{"line":6,"column":2},"end":{"line":6,"column":null}},"3":{"start":{"line":10,"column":2},"end":{"line":10,"column":null}},"4":{"start":{"line":14,"column":2},"end":{"line":14,"column":null}},"5":{"start":{"line":18,"column":2},"end":{"line":18,"column":null}}},"fnMap":{},"branchMap":{},"s":{"0":0,"1":0,"2":0,"3":0,"4":0,"5":0},"f":{},"b":{}}
,"/Users/julien/Desktop/projet fil rouge/QuizArena/backend/src/category/dto/update-category.dto.ts": {"path":"/Users/julien/Desktop/projet fil rouge/QuizArena/backend/src/category/dto/update-category.dto.ts","statementMap":{"0":{"start":{"line":1,"column":0},"end":{"line":1,"column":51}},"1":{"start":{"line":2,"column":0},"end":{"line":2,"column":58}},"2":{"start":{"line":4,"column":0},"end":{"line":4,"column":13}}},"fnMap":{},"branchMap":{},"s":{"0":0,"1":0,"2":0},"f":{},"b":{}}
,"/Users/julien/Desktop/projet fil rouge/QuizArena/backend/src/category/services/category.service.ts": {"path":"/Users/julien/Desktop/projet fil rouge/QuizArena/backend/src/category/services/category.service.ts","statementMap":{"0":{"start":{"line":6,"column":0},"end":{"line":6,"column":63}},"1":{"start":{"line":7,"column":0},"end":{"line":7,"column":69}},"2":{"start":{"line":12,"column":7},"end":{"line":142,"column":null}},"3":{"start":{"line":13,"column":22},"end":{"line":13,"column":30}},"4":{"start":{"line":16,"column":20},"end":{"line":18,"column":6}},"5":{"start":{"line":19,"column":4},"end":{"line":19,"column":19}},"6":{"start":{"line":23,"column":17},"end":{"line":34,"column":6}},"7":{"start":{"line":35,"column":4},"end":{"line":35,"column":16}},"8":{"start":{"line":39,"column":21},"end":{"line":66,"column":6}},"9":{"start":{"line":68,"column":4},"end":{"line":70,"column":5}},"10":{"start":{"line":69,"column":6},"end":{"line":69,"column":59}},"11":{"start":{"line":72,"column":4},"end":{"line":72,"column":20}},"12":{"start":{"line":76,"column":18},"end":{"line":78,"column":6}},"13":{"start":{"line":79,"column":4},"end":{"line":79,"column":17}},"14":{"start":{"line":83,"column":4},"end":{"line":83,"column":27}},"15":{"start":{"line":85,"column":20},"end":{"line":88,"column":6}},"16":{"start":{"line":89,"column":4},"end":{"line":89,"column":19}},"17":{"start":{"line":93,"column":4},"end":{"line":93,"column":27}},"18":{"start":{"line":95,"column":20},"end":{"line":97,"column":6}},"19":{"start":{"line":98,"column":4},"end":{"line":98,"column":19}},"20":{"start":{"line":102,"column":21},"end":{"line":102,"column":43}},"21":{"start":{"line":104,"column":25},"end":{"line":104,"column":48}},"22":{"start":{"line":105,"column":27},"end":{"line":107,"column":null}},"23":{"start":{"line":106,"column":21},"end":{"line":106,"column":48}},"24":{"start":{"line":109,"column":23},"end":{"line":111,"column":null}},"25":{"start":{"line":110,"column":21},"end":{"line":110,"column":47}},"26":{"start":{"line":114,"column":25},"end":{"line":124,"column":6}},"27":{"start":{"line":126,"column":4},"end":{"line":140,"column":6}},"28":{"start":{"line":12,"column":13},"end":{"line":12,"column":28}},"29":{"start":{"line":12,"column":13},"end":{"line":142,"column":null}}},"fnMap":{"0":{"name":"(anonymous_2)","decl":{"start":{"line":13,"column":2},"end":{"line":13,"column":22}},"loc":{"start":{"line":13,"column":43},"end":{"line":13,"column":47}}},"1":{"name":"(anonymous_3)","decl":{"start":{"line":15,"column":2},"end":{"line":15,"column":7}},"loc":{"start":{"line":15,"column":51},"end":{"line":20,"column":3}}},"2":{"name":"(anonymous_4)","decl":{"start":{"line":22,"column":2},"end":{"line":22,"column":7}},"loc":{"start":{"line":22,"column":15},"end":{"line":36,"column":3}}},"3":{"name":"(anonymous_5)","decl":{"start":{"line":38,"column":2},"end":{"line":38,"column":7}},"loc":{"start":{"line":38,"column":26},"end":{"line":73,"column":3}}},"4":{"name":"(anonymous_6)","decl":{"start":{"line":75,"column":2},"end":{"line":75,"column":7}},"loc":{"start":{"line":75,"column":31},"end":{"line":80,"column":3}}},"5":{"name":"(anonymous_7)","decl":{"start":{"line":82,"column":2},"end":{"line":82,"column":7}},"loc":{"start":{"line":82,"column":63},"end":{"line":90,"column":3}}},"6":{"name":"(anonymous_8)","decl":{"start":{"line":92,"column":2},"end":{"line":92,"column":7}},"loc":{"start":{"line":92,"column":25},"end":{"line":99,"column":3}}},"7":{"name":"(anonymous_9)","decl":{"start":{"line":101,"column":2},"end":{"line":101,"column":7}},"loc":{"start":{"line":101,"column":35},"end":{"line":141,"column":3}}},"8":{"name":"(anonymous_10)","decl":{"start":{"line":106,"column":6},"end":{"line":106,"column":7}},"loc":{"start":{"line":106,"column":21},"end":{"line":106,"column":48}}},"9":{"name":"(anonymous_11)","decl":{"start":{"line":110,"column":6},"end":{"line":110,"column":7}},"loc":{"start":{"line":110,"column":21},"end":{"line":110,"column":47}}}},"branchMap":{"0":{"loc":{"start":{"line":68,"column":4},"end":{"line":70,"column":5}},"type":"if","locations":[{"start":{"line":68,"column":4},"end":{"line":70,"column":5}},{"start":{},"end":{}}]},"1":{"loc":{"start":{"line":138,"column":33},"end":{"line":138,"column":61}},"type":"binary-expr","locations":[{"start":{"line":138,"column":33},"end":{"line":138,"column":56}},{"start":{"line":138,"column":60},"end":{"line":138,"column":61}}]},"2":{"loc":{"start":{"line":13,"column":30},"end":{"line":13,"column":46}},"type":"cond-expr","locations":[{"start":{"line":13,"column":43},"end":{"line":13,"column":46}},{"start":{"line":13,"column":43},"end":{"line":13,"column":46}}]},"3":{"loc":{"start":{"line":13,"column":30},"end":{"line":13,"column":43}},"type":"binary-expr","locations":[{"start":{"line":13,"column":30},"end":{"line":13,"column":46}},{"start":{"line":13,"column":30},"end":{"line":13,"column":43}}]}},"s":{"0":0,"1":0,"2":0,"3":0,"4":0,"5":0,"6":0,"7":0,"8":0,"9":0,"10":0,"11":0,"12":0,"13":0,"14":0,"15":0,"16":0,"17":0,"18":0,"19":0,"20":0,"21":0,"22":0,"23":0,"24":0,"25":0,"26":0,"27":0,"28":0,"29":0},"f":{"0":0,"1":0,"2":0,"3":0,"4":0,"5":0,"6":0,"7":0,"8":0,"9":0},"b":{"0":[0,0],"1":[0,0],"2":[0,0],"3":[0,0]}}
[...]
ne":864,"column":53}},"7":{"start":{"line":865,"column":27},"end":{"line":865,"column":52}},"8":{"start":{"line":866,"column":2},"end":{"line":868,"column":3}},"9":{"start":{"line":867,"column":4},"end":{"line":867,"column":39}},"10":{"start":{"line":871,"column":18},"end":{"line":871,"column":47}},"11":{"start":{"line":872,"column":2},"end":{"line":874,"column":3}},"12":{"start":{"line":873,"column":4},"end":{"line":873,"column":79}},"13":{"start":{"line":876,"column":25},"end":{"line":876,"column":26}},"14":{"start":{"line":877,"column":2},"end":{"line":944,"column":3}},"15":{"start":{"line":879,"column":32},"end":{"line":879,"column":47}},"16":{"start":{"line":880,"column":23},"end":{"line":880,"column":64}},"17":{"start":{"line":881,"column":4},"end":{"line":884,"column":5}},"18":{"start":{"line":882,"column":6},"end":{"line":882,"column":99}},"19":{"start":{"line":883,"column":6},"end":{"line":883,"column":15}},"20":{"start":{"line":886,"column":23},"end":{"line":886,"column":70}},"21":{"start":{"line":889,"column":21},"end":{"line":895,"column":6}},"22":{"start":{"line":898,"column":4},"end":{"line":924,"column":5}},"23":{"start":{"line":899,"column":22},"end":{"line":907,"column":8}},"24":{"start":{"line":908,"column":6},"end":{"line":908,"column":26}},"25":{"start":{"line":909,"column":6},"end":{"line":909,"column":28}},"26":{"start":{"line":910,"column":6},"end":{"line":910,"column":43}},"27":{"start":{"line":912,"column":22},"end":{"line":918,"column":8}},"28":{"start":{"line":919,"column":6},"end":{"line":919,"column":26}},"29":{"start":{"line":920,"column":6},"end":{"line":920,"column":49}},"30":{"start":{"line":922,"column":6},"end":{"line":922,"column":74}},"31":{"start":{"line":923,"column":6},"end":{"line":923,"column":62}},"32":{"start":{"line":927,"column":27},"end":{"line":927,"column":53}},"33":{"start":{"line":928,"column":4},"end":{"line":943,"column":5}},"34":{"start":{"line":929,"column":23},"end":{"line":935,"column":8}},"35":{"start":{"line":936,"column":6},"end":{"line":942,"column":9}},"36":{"start":{"line":937,"column":44},"end":{"line":941,"column":10}},"37":{"start":{"line":946,"column":2},"end":{"line":946,"column":100}},"38":{"start":{"line":949,"column":0},"end":{"line":956,"column":5}},"39":{"start":{"line":951,"column":4},"end":{"line":951,"column":53}},"40":{"start":{"line":952,"column":4},"end":{"line":952,"column":20}},"41":{"start":{"line":955,"column":4},"end":{"line":955,"column":30}}},"fnMap":{"0":{"name":"seedAll","decl":{"start":{"line":858,"column":15},"end":{"line":858,"column":22}},"loc":{"start":{"line":858,"column":22},"end":{"line":947,"column":1}}},"1":{"name":"(anonymous_1)","decl":{"start":{"line":937,"column":29},"end":{"line":937,"column":30}},"loc":{"start":{"line":937,"column":44},"end":{"line":941,"column":10}}},"2":{"name":"(anonymous_2)","decl":{"start":{"line":950,"column":9},"end":{"line":950,"column":10}},"loc":{"start":{"line":950,"column":15},"end":{"line":953,"column":3}}},"3":{"name":"(anonymous_3)","decl":{"start":{"line":954,"column":11},"end":{"line":954,"column":14}},"loc":{"start":{"line":954,"column":16},"end":{"line":956,"column":3}}}},"branchMap":{"0":{"loc":{"start":{"line":872,"column":2},"end":{"line":874,"column":3}},"type":"if","locations":[{"start":{"line":872,"column":2},"end":{"line":874,"column":3}},{"start":{},"end":{}}]},"1":{"loc":{"start":{"line":881,"column":4},"end":{"line":884,"column":5}},"type":"if","locations":[{"start":{"line":881,"column":4},"end":{"line":884,"column":5}},{"start":{},"end":{}}]},"2":{"loc":{"start":{"line":886,"column":23},"end":{"line":886,"column":70}},"type":"binary-expr","locations":[{"start":{"line":886,"column":23},"end":{"line":886,"column":50}},{"start":{"line":886,"column":54},"end":{"line":886,"column":70}}]},"3":{"loc":{"start":{"line":898,"column":4},"end":{"line":924,"column":5}},"type":"if","locations":[{"start":{"line":898,"column":4},"end":{"line":924,"column":5}},{"start":{"line":911,"column":11},"end":{"line":924,"column":5}}]},"4":{"loc":{"start":{"line":927,"column":27},"end":{"line":927,"column":53}},"type":"binary-expr","locations":[{"start":{"line":927,"column":27},"end":{"line":927,"column":47}},{"start":{"line":927,"column":51},"end":{"line":927,"column":53}}]}},"s":{"0":0,"1":0,"2":0,"3":0,"4":0,"5":0,"6":0,"7":0,"8":0,"9":0,"10":0,"11":0,"12":0,"13":0,"14":0,"15":0,"16":0,"17":0,"18":0,"19":0,"20":0,"21":0,"22":0,"23":0,"24":0,"25":0,"26":0,"27":0,"28":0,"29":0,"30":0,"31":0,"32":0,"33":0,"34":0,"35":0,"36":0,"37":0,"38":0,"39":0,"40":0,"41":0},"f":{"0":0,"1":0,"2":0,"3":0},"b":{"0":[0,0],"1":[0,0],"2":[0,0],"3":[0,0],"4":[0,0]}}
,"/Users/julien/Desktop/projet fil rouge/QuizArena/backend/src/scripts/seed-badges.ts": {"path":"/Users/julien/Desktop/projet fil rouge/QuizArena/backend/src/scripts/seed-badges.ts","statementMap":{"0":{"start":{"line":5,"column":0},"end":{"line":5,"column":46}},"1":{"start":{"line":7,"column":15},"end":{"line":7,"column":33}},"2":{"start":{"line":9,"column":15},"end":{"line":90,"column":2}},"3":{"start":{"line":93,"column":2},"end":{"line":93,"column":38}},"4":{"start":{"line":95,"column":2},"end":{"line":114,"column":3}},"5":{"start":{"line":97,"column":26},"end":{"line":99,"column":6}},"6":{"start":{"line":101,"column":4},"end":{"line":112,"column":5}},"7":{"start":{"line":103,"column":6},"end":{"line":106,"column":9}},"8":{"start":{"line":109,"column":6},"end":{"line":111,"column":9}},"9":{"start":{"line":113,"column":4},"end":{"line":113,"column":59}},"10":{"start":{"line":116,"column":2},"end":{"line":116,"column":58}},"11":{"start":{"line":119,"column":0},"end":{"line":126,"column":5}},"12":{"start":{"line":121,"column":4},"end":{"line":121,"column":70}},"13":{"start":{"line":122,"column":4},"end":{"line":122,"column":20}},"14":{"start":{"line":125,"column":4},"end":{"line":125,"column":30}}},"fnMap":{"0":{"name":"seedBadges","decl":{"start":{"line":92,"column":15},"end":{"line":92,"column":25}},"loc":{"start":{"line":92,"column":25},"end":{"line":117,"column":1}}},"1":{"name":"(anonymous_1)","decl":{"start":{"line":120,"column":9},"end":{"line":120,"column":10}},"loc":{"start":{"line":120,"column":15},"end":{"line":123,"column":3}}},"2":{"name":"(anonymous_2)","decl":{"start":{"line":124,"column":11},"end":{"line":124,"column":14}},"loc":{"start":{"line":124,"column":16},"end":{"line":126,"column":3}}}},"branchMap":{"0":{"loc":{"start":{"line":101,"column":4},"end":{"line":112,"column":5}},"type":"if","locations":[{"start":{"line":101,"column":4},"end":{"line":112,"column":5}},{"start":{"line":107,"column":11},"end":{"line":112,"column":5}}]}},"s":{"0":0,"1":0,"2":0,"3":0,"4":0,"5":0,"6":0,"7":0,"8":0,"9":0,"10":0,"11":0,"12":0,"13":0,"14":0},"f":{"0":0,"1":0,"2":0},"b":{"0":[0,0]}}
,"/Users/julien/Desktop/projet fil rouge/QuizArena/backend/src/scripts/seed-categories.ts": {"path":"/Users/julien/Desktop/projet fil rouge/QuizArena/backend/src/scripts/seed-categories.ts","statementMap":{"0":{"start":{"line":5,"column":0},"end":{"line":5,"column":46}},"1":{"start":{"line":7,"column":15},"end":{"line":7,"column":33}},"2":{"start":{"line":9,"column":19},"end":{"line":73,"column":2}},"3":{"start":{"line":76,"column":2},"end":{"line":76,"column":42}},"4":{"start":{"line":78,"column":2},"end":{"line":87,"column":3}},"5":{"start":{"line":80,"column":39},"end":{"line":80,"column":47}},"6":{"start":{"line":81,"column":4},"end":{"line":85,"column":7}},"7":{"start":{"line":86,"column":4},"end":{"line":86,"column":68}},"8":{"start":{"line":89,"column":2},"end":{"line":89,"column":65}},"9":{"start":{"line":92,"column":0},"end":{"line":99,"column":5}},"10":{"start":{"line":94,"column":4},"end":{"line":94,"column":74}},"11":{"start":{"line":95,"column":4},"end":{"line":95,"column":20}},"12":{"start":{"line":98,"column":4},"end":{"line":98,"column":30}}},"fnMap":{"0":{"name":"seedCategories","decl":{"start":{"line":75,"column":15},"end":{"line":75,"column":29}},"loc":{"start":{"line":75,"column":29},"end":{"line":90,"column":1}}},"1":{"name":"(anonymous_1)","decl":{"start":{"line":93,"column":9},"end":{"line":93,"column":10}},"loc":{"start":{"line":93,"column":15},"end":{"line":96,"column":3}}},"2":{"name":"(anonymous_2)","decl":{"start":{"line":97,"column":11},"end":{"line":97,"column":14}},"loc":{"start":{"line":97,"column":16},"end":{"line":99,"column":3}}}},"branchMap":{},"s":{"0":0,"1":0,"2":0,"3":0,"4":0,"5":0,"6":0,"7":0,"8":0,"9":0,"10":0,"11":0,"12":0},"f":{"0":0,"1":0,"2":0},"b":{}}
,"/Users/julien/Desktop/projet fil rouge/QuizArena/backend/src/scripts/seed-more-sessions.ts": {"path":"/Users/julien/Desktop/projet fil rouge/QuizArena/backend/src/scripts/seed-more-sessions.ts","statementMap":{"0":{"start":{"line":2,"column":0},"end":{"line":2,"column":null}},"1":{"start":{"line":11,"column":15},"end":{"line":11,"column":33}},"2":{"start":{"line":14,"column":2},"end":{"line":14,"column":50}},"3":{"start":{"line":17,"column":24},"end":{"line":20,"column":4}},"4":{"start":{"line":23,"column":26},"end":{"line":25,"column":4}},"5":{"start":{"line":27,"column":2},"end":{"line":30,"column":3}},"6":{"start":{"line":28,"column":4},"end":{"line":28,"column":59}},"7":{"start":{"line":29,"column":4},"end":{"line":29,"column":11}},"8":{"start":{"line":32,"column":2},"end":{"line":34,"column":4}},"9":{"start":{"line":37,"column":2},"end":{"line":97,"column":3}},"10":{"start":{"line":38,"column":4},"end":{"line":96,"column":5}},"11":{"start":{"line":41,"column":8},"end":{"line":44,"column":10}},"12":{"start":{"line":46,"column":6},"end":{"line":46,"column":43}},"13":{"start":{"line":46,"column":34},"end":{"line":46,"column":43}},"14":{"start":{"line":49,"column":28},"end":{"line":49,"column":61}},"15":{"start":{"line":51,"column":6},"end":{"line":95,"column":7}},"16":{"start":{"line":51,"column":19},"end":{"line":51,"column":20}},"17":{"start":{"line":52,"column":37},"end":{"line":63,"column":10}},"18":{"start":{"line":66,"column":8},"end":{"line":90,"column":9}},"19":{"start":{"line":67,"column":52},"end":{"line":68,"column":null}},"20":{"start":{"line":68,"column":19},"end":{"line":68,"column":30}},"21":{"start":{"line":70,"column":34},"end":{"line":71,"column":null}},"22":{"start":{"line":73,"column":47},"end":{"line":73,"column":72}},"23":{"start":{"line":75,"column":12},"end":{"line":75,"column":58}},"24":{"start":{"line":77,"column":10},"end":{"line":77,"column":40}},"25":{"start":{"line":77,"column":31},"end":{"line":77,"column":40}},"26":{"start":{"line":79,"column":10},"end":{"line":89,"column":13}},"27":{"start":{"line":84,"column":23},"end":{"line":84,"column":49}},"28":{"start":{"line":92,"column":8},"end":{"line":94,"column":10}},"29":{"start":{"line":99,"column":2},"end":{"line":99,"column":63}},"30":{"start":{"line":103,"column":2},"end":{"line":110,"column":3}},"31":{"start":{"line":104,"column":4},"end":{"line":104,"column":29}},"32":{"start":{"line":106,"column":4},"end":{"line":106,"column":59}},"33":{"start":{"line":107,"column":4},"end":{"line":107,"column":16}},"34":{"start":{"line":109,"column":4},"end":{"line":109,"column":31}},"35":{"start":{"line":113,"column":0},"end":{"line":113,"column":12}}},"fnMap":{"0":{"name":"seedMoreSessions","decl":{"start":{"line":13,"column":15},"end":{"line":13,"column":31}},"loc":{"start":{"line":13,"column":31},"end":{"line":100,"column":1}}},"1":{"name":"(anonymous_1)","decl":{"start":{"line":68,"column":12},"end":{"line":68,"column":13}},"loc":{"start":{"line":68,"column":19},"end":{"line":68,"column":30}}},"2":{"name":"(anonymous_2)","decl":{"start":{"line":84,"column":16},"end":{"line":84,"column":17}},"loc":{"start":{"line":84,"column":23},"end":{"line":84,"column":49}}},"3":{"name":"main","decl":{"start":{"line":102,"column":15},"end":{"line":102,"column":19}},"loc":{"start":{"line":102,"column":19},"end":{"line":111,"column":1}}}},"branchMap":{"0":{"loc":{"start":{"line":27,"column":2},"end":{"line":30,"column":3}},"type":"if","locations":[{"start":{"line":27,"column":2},"end":{"line":30,"column":3}},{"start":{},"end":{}}]},"1":{"loc":{"start":{"line":27,"column":6},"end":{"line":27,"column":48}},"type":"binary-expr","locations":[{"start":{"line":27,"column":6},"end":{"line":27,"column":24}},{"start":{"line":27,"column":28},"end":{"line":27,"column":48}}]},"2":{"loc":{"start":{"line":46,"column":6},"end":{"line":46,"column":43}},"type":"if","locations":[{"start":{"line":46,"column":6},"end":{"line":46,"column":43}},{"start":{},"end":{}}]},"3":{"loc":{"start":{"line":75,"column":12},"end":{"line":75,"column":58}},"type":"cond-expr","locations":[{"start":{"line":75,"column":34},"end":{"line":75,"column":47}},{"start":{"line":75,"column":50},"end":{"line":75,"column":58}}]},"4":{"loc":{"start":{"line":77,"column":10},"end":{"line":77,"column":40}},"type":"if","locations":[{"start":{"line":77,"column":10},"end":{"line":77,"column":40}},{"start":{},"end":{}}]}},"s":{"0":0,"1":0,"2":0,"3":0,"4":0,"5":0,"6":0,"7":0,"8":0,"9":0,"10":0,"11":0,"12":0,"13":0,"14":0,"15":0,"16":0,"17":0,"18":0,"19":0,"20":0,"21":0,"22":0,"23":0,"24":0,"25":0,"26":0,"27":0,"28":0,"29":0,"30":0,"31":0,"32":0,"33":0,"34":0,"35":0},"f":{"0":0,"1":0,"2":0,"3":0},"b":{"0":[0,0],"1":[0,0],"2":[0,0],"3":[0,0],"4":[0,0]}}
,"/Users/julien/Desktop/projet fil rouge/QuizArena/backend/src/scripts/seed-quiz-sessions.ts": {"path":"/Users/julien/Desktop/projet fil rouge/QuizArena/backend/src/scripts/seed-quiz-sessions.ts","statementMap":{"0":{"start":{"line":2,"column":0},"end":{"line":2,"column":null}},"1":{"start":{"line":11,"column":15},"end":{"line":11,"column":33}},"2":{"start":{"line":14,"column":2},"end":{"line":14,"column":45}},"3":{"start":{"line":17,"column":24},"end":{"line":20,"column":4}},"4":{"start":{"line":23,"column":26},"end":{"line":25,"column":4}},"5":{"start":{"line":27,"column":2},"end":{"line":30,"column":3}},"6":{"start":{"line":28,"column":4},"end":{"line":28,"column":59}},"7":{"start":{"line":29,"column":4},"end":{"line":29,"column":11}},"8":{"start":{"line":32,"column":2},"end":{"line":34,"column":4}},"9":{"start":{"line":37,"column":2},"end":{"line":94,"column":3}},"10":{"start":{"line":38,"column":4},"end":{"line":93,"column":5}},"11":{"start":{"line":41,"column":8},"end":{"line":44,"column":10}},"12":{"start":{"line":46,"column":6},"end":{"line":46,"column":43}},"13":{"start":{"line":46,"column":34},"end":{"line":46,"column":43}},"14":{"start":{"line":49,"column":35},"end":{"line":60,"column":8}},"15":{"start":{"line":63,"column":6},"end":{"line":88,"column":7}},"16":{"start":{"line":64,"column":50},"end":{"line":65,"column":null}},"17":{"start":{"line":65,"column":17},"end":{"line":65,"column":28}},"18":{"start":{"line":67,"column":36},"end":{"line":68,"column":null}},"19":{"start":{"line":71,"column":10},"end":{"line":71,"column":39}},"20":{"start":{"line":73,"column":10},"end":{"line":73,"column":62}},"21":{"start":{"line":75,"column":8},"end":{"line":75,"column":38}},"22":{"start":{"line":75,"column":29},"end":{"line":75,"column":38}},"23":{"start":{"line":77,"column":8},"end":{"line":87,"column":11}},"24":{"start":{"line":82,"column":21},"end":{"line":82,"column":47}},"25":{"start":{"line":90,"column":6},"end":{"line":92,"column":8}},"26":{"start":{"line":96,"column":2},"end":{"line":96,"column":52}},"27":{"start":{"line":100,"column":2},"end":{"line":107,"column":3}},"28":{"start":{"line":101,"column":4},"end":{"line":101,"column":29}},"29":{"start":{"line":103,"column":4},"end":{"line":103,"column":59}},"30":{"start":{"line":104,"column":4},"end":{"line":104,"column":16}},"31":{"start":{"line":106,"column":4},"end":{"line":106,"column":31}},"32":{"start":{"line":110,"column":0},"end":{"line":110,"column":12}}},"fnMap":{"0":{"name":"seedQuizSessions","decl":{"start":{"line":13,"column":15},"end":{"line":13,"column":31}},"loc":{"start":{"line":13,"column":31},"end":{"line":97,"column":1}}},"1":{"name":"(anonymous_1)","decl":{"start":{"line":65,"column":10},"end":{"line":65,"column":11}},"loc":{"start":{"line":65,"column":17},"end":{"line":65,"column":28}}},"2":{"name":"(anonymous_2)","decl":{"start":{"line":82,"column":14},"end":{"line":82,"column":15}},"loc":{"start":{"line":82,"column":21},"end":{"line":82,"column":47}}},"3":{"name":"main","decl":{"start":{"line":99,"column":15},"end":{"line":99,"column":19}},"loc":{"start":{"line":99,"column":19},"end":{"line":108,"column":1}}}},"branchMap":{"0":{"loc":{"start":{"line":27,"column":2},"end":{"line":30,"column":3}},"type":"if","locations":[{"start":{"line":27,"column":2},"end":{"line":30,"column":3}},{"start":{},"end":{}}]},"1":{"loc":{"start":{"line":27,"column":6},"end":{"line":27,"column":48}},"type":"binary-expr","locations":[{"start":{"line":27,"column":6},"end":{"line":27,"column":24}},{"start":{"line":27,"column":28},"end":{"line":27,"column":48}}]},"2":{"loc":{"start":{"line":46,"column":6},"end":{"line":46,"column":43}},"type":"if","locations":[{"start":{"line":46,"column":6},"end":{"line":46,"column":43}},{"start":{},"end":{}}]},"3":{"loc":{"start":{"line":73,"column":10},"end":{"line":73,"column":62}},"type":"cond-expr","locations":[{"start":{"line":73,"column":32},"end":{"line":73,"column":45}},{"start":{"line":73,"column":48},"end":{"line":73,"column":62}}]},"4":{"loc":{"start":{"line":75,"column":8},"end":{"line":75,"column":38}},"type":"if","locations":[{"start":{"line":75,"column":8},"end":{"line":75,"column":38}},{"start":{},"end":{}}]}},"s":{"0":0,"1":0,"2":0,"3":0,"4":0,"5":0,"6":0,"7":0,"8":0,"9":0,"10":0,"11":0,"12":0,"13":0,"14":0,"15":0,"16":0,"17":0,"18":0,"19":0,"20":0,"21":0,"22":0,"23":0,"24":0,"25":0,"26":0,"27":0,"28":0,"29":0,"30":0,"31":0,"32":0},"f":{"0":0,"1":0,"2":0,"3":0},"b":{"0":[0,0],"1":[0,0],"2":[0,0],"3":[0,0],"4":[0,0]}}
,"/Users/julien/Desktop/projet fil rouge/QuizArena/backend/src/scripts/seed-user.ts": {"path":"/Users/julien/Desktop/projet fil rouge/QuizArena/backend/src/scripts/seed-user.ts","statementMap":{"0":{"start":{"line":1,"column":0},"end":{"line":1,"column":46}},"1":{"start":{"line":2,"column":0},"end":{"line":2,"column":35}},"2":{"start":{"line":4,"column":15},"end":{"line":4,"column":33}},"3":{"start":{"line":7,"column":2},"end":{"line":7,"column":37}},"4":{"start":{"line":9,"column":16},"end":{"line":150,"column":4}},"5":{"start":{"line":152,"column":2},"end":{"line":170,"column":3}},"6":{"start":{"line":153,"column":27},"end":{"line":153,"column":67}},"7":{"start":{"line":155,"column":25},"end":{"line":157,"column":6}},"8":{"start":{"line":159,"column":4},"end":{"line":169,"column":5}},"9":{"start":{"line":160,"column":6},"end":{"line":165,"column":9}},"10":{"start":{"line":166,"column":6},"end":{"line":166,"column":58}},"11":{"start":{"line":168,"column":6},"end":{"line":168,"column":67}},"12":{"start":{"line":172,"column":2},"end":{"line":172,"column":44}},"13":{"start":{"line":176,"column":2},"end":{"line":183,"column":3}},"14":{"start":{"line":177,"column":4},"end":{"line":177,"column":22}},"15":{"start":{"line":179,"column":4},"end":{"line":179,"column":51}},"16":{"start":{"line":180,"column":4},"end":{"line":180,"column":16}},"17":{"start":{"line":182,"column":4},"end":{"line":182,"column":31}},"18":{"start":{"line":186,"column":0},"end":{"line":186,"column":12}}},"fnMap":{"0":{"name":"seedUsers","decl":{"start":{"line":6,"column":15},"end":{"line":6,"column":24}},"loc":{"start":{"line":6,"column":24},"end":{"line":173,"column":1}}},"1":{"name":"main","decl":{"start":{"line":175,"column":15},"end":{"line":175,"column":19}},"loc":{"start":{"line":175,"column":19},"end":{"line":184,"column":1}}}},"branchMap":{"0":{"loc":{"start":{"line":159,"column":4},"end":{"line":169,"column":5}},"type":"if","locations":[{"start":{"line":159,"column":4},"end":{"line":169,"column":5}},{"start":{"line":167,"column":11},"end":{"line":169,"column":5}}]}},"s":{"0":0,"1":0,"2":0,"3":0,"4":0,"5":0,"6":0,"7":0,"8":0,"9":0,"10":0,"11":0,"12":0,"13":0,"14":0,"15":0,"16":0,"17":0,"18":0},"f":{"0":0,"1":0},"b":{"0":[0,0]}}
}
